
------------------------


Simulacion numero 0

Single-server queueing system

Tiempo medio de descarga      15.000 minutos

Desviacion estandar de descarga            3.000 minutos

Numero de cajas            100



numero de x         015 

Average numero de y        085

Server utilization          0.867

Time simulation ended     242.100 minutes
------------------------


Simulacion numero 1

Single-server queueing system

Tiempo medio de descarga      15.000 minutos

Desviacion estandar de descarga            3.000 minutos

Numero de cajas            100



numero de x         014 

Average numero de y        086

Server utilization          0.867

Time simulation ended     242.100 minutes
------------------------


Simulacion numero 2

Single-server queueing system

Tiempo medio de descarga      15.000 minutos

Desviacion estandar de descarga            3.000 minutos

Numero de cajas            100



numero de x         016 

Average numero de y        084

Server utilization          0.867

Time simulation ended     242.100 minutes
------------------------


Simulacion numero 3

Single-server queueing system

Tiempo medio de descarga      15.000 minutos

Desviacion estandar de descarga            3.000 minutos

Numero de cajas            100



numero de x         015 

Average numero de y        085

Server utilization          0.867

Time simulation ended     242.100 minutes
------------------------


Simulacion numero 4

Single-server queueing system

Tiempo medio de descarga      15.000 minutos

Desviacion estandar de descarga            3.000 minutos

Numero de cajas            100



numero de x         014 

Average numero de y        086

Server utilization          0.867

Time simulation ended     242.100 minutes
------------------------


Simulacion numero 5

Single-server queueing system

Tiempo medio de descarga      15.000 minutos

Desviacion estandar de descarga            3.000 minutos

Numero de cajas            100



numero de x         015 

Average numero de y        085

Server utilization          0.867

Time simulation ended     242.100 minutes
------------------------


Simulacion numero 6

Single-server queueing system

Tiempo medio de descarga      15.000 minutos

Desviacion estandar de descarga            3.000 minutos

Numero de cajas            100



numero de x         014 

Average numero de y        086

Server utilization          0.867

Time simulation ended     242.100 minutes
------------------------


Simulacion numero 7

Single-server queueing system

Tiempo medio de descarga      15.000 minutos

Desviacion estandar de descarga            3.000 minutos

Numero de cajas            100



numero de x         015 

Average numero de y        085

Server utilization          0.867

Time simulation ended     242.100 minutes
------------------------


Simulacion numero 8

Single-server queueing system

Tiempo medio de descarga      15.000 minutos

Desviacion estandar de descarga            3.000 minutos

Numero de cajas            100



numero de x         014 

Average numero de y        086

Server utilization          0.867

Time simulation ended     242.100 minutes
------------------------


Simulacion numero 9

Single-server queueing system

Tiempo medio de descarga      15.000 minutos

Desviacion estandar de descarga            3.000 minutos

Numero de cajas            100



numero de x         014 

Average numero de y        086

Server utilization          0.867

Time simulation ended     242.100 minutes