
------------------------


Simulacion numero 0


Velocidad cinta 0.010000

------------------------
1000
1000
1000
1000
1000
1000
1000
1000
1000
1000
1000
1000
1000
1000
1000
1000
1000
1000
1000
1000
1000
1000
1000
1000
1000
1000
1000
1000
1000
1000
1000
1000
1000
1000
1000
1000
1000
1000
1000
1000
1000
1000
1000
1000
1000
1000
1000
1000
1000
1000
1000
1000
1000
1000
1000
1000
1000
1000
1000
1000
1000
1000
1000
1000
1000
1000
1000
1000
1000
1000
1000
1000
1000
1000
1000
1000
1000
1000
1000
1000
1000
1000
1000
1000
1000
1000
1000
1000
1000
1000
1000
1000
1000
1000
1000
1000
1000
1000
1000
1000

------------------------


Simulacion numero 1


Velocidad cinta 0.020000

------------------------
1000
1000
1000
1000
1000
1000
1000
1000
1000
1000
1000
1000
1000
1000
1000
1000
1000
1000
1000
1000
1000
1000
1000
1000
1000
1000
1000
1000
1000
1000
1000
1000
1000
1000
1000
1000
1000
1000
1000
1000
1000
1000
1000
1000
1000
1000
1000
1000
1000
1000
1000
1000
1000
1000
1000
1000
1000
1000
1000
1000
1000
1000
1000
1000
1000
1000
1000
1000
1000
1000
1000
1000
1000
1000
1000
1000
1000
1000
1000
1000
1000
1000
1000
1000
1000
1000
1000
1000
1000
1000
1000
1000
1000
1000
1000
1000
1000
1000
1000
1000

------------------------


Simulacion numero 2


Velocidad cinta 0.030000

------------------------
1000
1000
1000
1000
1000
1000
1000
1000
1000
1000
1000
1000
1000
1000
1000
1000
1000
1000
1000
1000
1000
1000
1000
1000
1000
1000
1000
1000
1000
1000
1000
1000
1000
1000
1000
1000
1000
1000
1000
1000
1000
1000
1000
1000
1000
1000
1000
1000
1000
1000
1000
1000
1000
1000
1000
1000
1000
1000
1000
1000
1000
1000
1000
1000
1000
1000
1000
1000
1000
1000
1000
1000
1000
1000
1000
1000
1000
1000
1000
1000
1000
1000
1000
1000
1000
1000
1000
1000
1000
1000
1000
1000
1000
1000
1000
1000
1000
1000
1000
1000

------------------------


Simulacion numero 3


Velocidad cinta 0.040000

------------------------
1000
1000
1000
1000
1000
1000
1000
1000
1000
1000
1000
1000
1000
1000
1000
1000
1000
1000
1000
1000
1000
1000
1000
1000
1000
1000
1000
1000
1000
1000
1000
1000
1000
1000
1000
1000
1000
1000
1000
1000
1000
1000
1000
1000
1000
1000
1000
1000
1000
1000
1000
1000
1000
1000
1000
1000
1000
1000
1000
1000
1000
1000
1000
1000
1000
1000
1000
1000
1000
1000
1000
1000
1000
1000
1000
1000
1000
1000
1000
1000
1000
1000
1000
1000
1000
1000
1000
1000
1000
1000
1000
1000
1000
1000
1000
1000
1000
1000
1000
1000

------------------------


Simulacion numero 4


Velocidad cinta 0.050000

------------------------
1000
1000
1000
1000
1000
1000
1000
1000
1000
1000
1000
1000
1000
1000
1000
1000
1000
1000
1000
1000
1000
1000
1000
1000
1000
1000
1000
1000
1000
1000
1000
1000
1000
1000
1000
1000
1000
1000
1000
1000
1000
1000
1000
1000
1000
1000
1000
1000
1000
1000
1000
1000
1000
1000
1000
1000
1000
1000
1000
1000
1000
1000
1000
1000
1000
1000
1000
1000
1000
1000
1000
1000
1000
1000
1000
1000
1000
1000
1000
1000
1000
1000
1000
1000
1000
1000
1000
1000
1000
1000
1000
1000
1000
1000
1000
1000
1000
1000
1000
1000

------------------------


Simulacion numero 5


Velocidad cinta 0.060000

------------------------
1000
1000
1000
1000
1000
1000
1000
1000
1000
1000
1000
1000
1000
1000
1000
1000
1000
1000
1000
1000
1000
1000
1000
1000
1000
1000
1000
1000
1000
1000
1000
1000
1000
1000
1000
1000
1000
1000
1000
1000
1000
1000
1000
1000
1000
1000
1000
1000
1000
1000
1000
1000
1000
1000
1000
1000
1000
1000
1000
1000
1000
1000
1000
1000
1000
1000
1000
1000
1000
1000
1000
1000
1000
1000
1000
1000
1000
1000
1000
1000
1000
1000
1000
1000
1000
1000
1000
1000
1000
1000
1000
1000
1000
1000
1000
1000
1000
1000
1000
1000

------------------------


Simulacion numero 6


Velocidad cinta 0.070000

------------------------
1000
1000
1000
1000
1000
1000
1000
1000
1000
1000
1000
1000
1000
1000
1000
1000
1000
1000
1000
1000
1000
1000
1000
1000
1000
1000
1000
1000
1000
1000
1000
1000
1000
1000
1000
1000
1000
1000
1000
1000
1000
1000
1000
1000
1000
1000
1000
1000
1000
1000
1000
1000
1000
1000
1000
1000
1000
1000
1000
1000
1000
1000
1000
1000
1000
1000
1000
1000
1000
1000
1000
1000
1000
1000
1000
1000
1000
1000
1000
1000
1000
1000
1000
1000
1000
1000
1000
1000
1000
1000
1000
1000
1000
1000
1000
1000
1000
1000
1000
1000

------------------------


Simulacion numero 7


Velocidad cinta 0.080000

------------------------
1000
1000
1000
1000
1000
1000
1000
1000
1000
1000
1000
1000
1000
1000
1000
1000
1000
1000
1000
1000
1000
1000
1000
1000
1000
1000
1000
1000
1000
1000
1000
1000
1000
1000
1000
1000
1000
1000
1000
1000
1000
1000
1000
1000
1000
1000
1000
1000
1000
1000
1000
1000
1000
1000
1000
1000
1000
1000
1000
1000
1000
1000
1000
1000
1000
1000
1000
1000
1000
1000
1000
1000
1000
1000
1000
1000
1000
1000
1000
1000
1000
1000
1000
1000
1000
1000
1000
1000
1000
1000
1000
1000
1000
1000
1000
1000
1000
1000
1000
1000

------------------------


Simulacion numero 8


Velocidad cinta 0.090000

------------------------
1000
1000
1000
1000
1000
1000
1000
1000
1000
1000
1000
1000
1000
1000
1000
1000
1000
1000
1000
1000
1000
1000
1000
1000
1000
1000
1000
1000
1000
1000
1000
1000
1000
1000
1000
1000
1000
1000
1000
1000
1000
1000
1000
1000
1000
1000
1000
1000
1000
1000
1000
1000
1000
1000
1000
1000
1000
1000
1000
1000
1000
1000
1000
1000
1000
1000
1000
1000
1000
1000
1000
1000
1000
1000
1000
1000
1000
1000
1000
1000
1000
1000
1000
1000
1000
1000
1000
1000
1000
1000
1000
1000
1000
1000
1000
1000
1000
1000
1000
1000

------------------------


Simulacion numero 9


Velocidad cinta 0.100000

------------------------
1000
1000
1000
1000
1000
1000
1000
1000
1000
1000
1000
1000
1000
1000
1000
1000
1000
1000
1000
1000
1000
1000
1000
1000
1000
1000
1000
1000
1000
1000
1000
1000
1000
1000
1000
1000
1000
1000
1000
1000
1000
1000
1000
1000
1000
1000
1000
1000
1000
1000
1000
1000
1000
1000
1000
1000
1000
1000
1000
1000
1000
1000
1000
1000
1000
1000
1000
1000
1000
1000
1000
1000
1000
1000
1000
1000
1000
1000
1000
1000
1000
1000
1000
1000
1000
1000
1000
1000
1000
1000
1000
1000
1000
1000
1000
1000
1000
1000
1000
1000

------------------------


Simulacion numero 10


Velocidad cinta 0.110000

------------------------
1000
1000
1000
1000
1000
1000
1000
1000
1000
1000
1000
1000
1000
1000
1000
1000
1000
1000
1000
1000
1000
1000
1000
1000
1000
1000
1000
1000
1000
1000
1000
1000
1000
1000
1000
1000
1000
1000
1000
1000
1000
1000
1000
1000
1000
1000
1000
1000
1000
1000
1000
1000
1000
1000
1000
1000
1000
1000
1000
1000
1000
1000
1000
1000
1000
1000
1000
1000
1000
1000
1000
1000
1000
1000
1000
1000
1000
1000
1000
1000
1000
1000
1000
1000
1000
1000
1000
1000
1000
1000
1000
1000
1000
1000
1000
1000
1000
1000
1000
1000

------------------------


Simulacion numero 11


Velocidad cinta 0.120000

------------------------
1000
1000
1000
1000
1000
1000
1000
1000
1000
1000
1000
1000
1000
1000
1000
1000
1000
1000
1000
1000
1000
1000
1000
1000
1000
1000
1000
1000
1000
1000
1000
1000
1000
1000
1000
1000
1000
1000
1000
1000
1000
1000
1000
1000
1000
1000
1000
1000
1000
1000
1000
1000
1000
1000
1000
1000
1000
1000
1000
1000
1000
1000
1000
1000
1000
1000
1000
1000
1000
1000
1000
1000
1000
1000
1000
1000
1000
1000
1000
1000
1000
1000
1000
1000
1000
1000
1000
1000
1000
1000
1000
1000
1000
1000
1000
1000
1000
1000
1000
1000

------------------------


Simulacion numero 12


Velocidad cinta 0.130000

------------------------
1000
997
999
1000
997
999
998
1000
998
999
998
999
998
999
997
995
999
997
996
999
999
999
1000
998
1000
1000
999
999
1000
998
1000
1000
998
1000
998
998
1000
998
998
999
999
997
998
996
998
998
999
1000
999
997
998
997
1000
1000
998
998
997
999
998
1000
998
998
999
998
1000
998
1000
997
1000
999
996
997
998
998
1000
997
999
998
998
993
997
995
999
998
999
997
1000
998
999
996
1000
997
1000
999
998
998
999
1000
997
997

------------------------


Simulacion numero 13


Velocidad cinta 0.140000

------------------------
970
975
974
976
968
979
976
977
970
975
969
967
973
975
979
975
975
975
971
974
981
973
973
974
971
979
977
976
965
969
977
978
970
975
963
967
979
979
976
973
970
976
980
973
976
980
977
969
974
981
975
977
973
974
978
975
978
977
972
973
976
982
970
975
976
974
971
976
980
981
976
975
973
976
970
975
974
970
980
984
971
975
977
981
974
968
979
979
978
964
977
973
971
974
975
976
968
978
975
971

------------------------


Simulacion numero 14


Velocidad cinta 0.150000

------------------------
942
929
933
931
922
931
922
918
924
926
917
929
938
932
922
930
930
922
928
923
929
920
925
932
924
926
925
922
922
932
922
935
913
918
928
928
930
929
924
924
924
928
916
918
928
926
924
922
925
918
929
918
930
925
917
925
918
925
921
926
930
925
927
925
927
913
917
930
924
924
923
928
927
921
922
928
925
928
929
921
929
925
924
933
926
929
928
925
931
933
916
925
929
924
929
924
936
921
924
933

------------------------


Simulacion numero 15


Velocidad cinta 0.160000

------------------------
875
873
880
875
866
885
884
868
871
870
883
876
869
866
878
869
873
865
880
870
877
867
867
871
873
867
879
865
879
867
876
873
872
881
866
866
874
861
864
871
866
859
873
868
874
873
872
870
872
870
878
872
870
866
867
872
874
870
872
875
871
869
867
867
867
872
868
873
872
874
864
866
861
869
876
876
867
872
881
868
875
877
863
881
871
872
872
875
873
875
877
863
878
875
865
877
875
874
858
865

------------------------


Simulacion numero 16


Velocidad cinta 0.170000

------------------------
834
822
819
824
828
816
816
819
812
824
833
823
816
825
826
830
817
816
814
819
813
822
814
821
818
826
830
814
826
826
825
822
830
823
819
814
825
822
823
824
825
820
825
833
823
818
822
830
827
816
834
811
818
812
822
814
828
823
817
823
824
822
813
819
822
813
818
825
831
822
813
820
825
825
819
821
828
824
817
824
820
816
824
816
819
829
820
818
825
829
819
818
823
829
824
820
825
814
822
832

------------------------


Simulacion numero 17


Velocidad cinta 0.180000

------------------------
776
782
775
772
780
787
780
773
777
776
777
773
775
789
765
787
784
782
778
782
781
769
769
781
779
780
777
779
779
776
776
779
773
786
772
774
781
786
778
767
778
775
775
776
785
767
778
778
778
782
773
772
770
774
778
777
770
783
770
782
766
775
774
779
774
780
782
770
774
777
774
774
776
771
785
781
767
772
772
770
783
777
776
782
770
774
787
791
776
769
777
777
774
783
774
767
776
782
786
782

------------------------


Simulacion numero 18


Velocidad cinta 0.190000

------------------------
738
743
737
737
734
735
733
741
742
726
732
740
737
738
734
739
738
745
732
740
740
731
734
729
734
753
730
729
735
729
740
728
733
738
737
736
743
738
734
737
738
738
733
735
738
740
737
737
740
738
733
733
746
738
739
741
732
721
729
737
734
731
743
725
744
730
731
734
731
743
743
732
736
729
739
746
742
736
733
732
733
745
731
738
737
728
737
739
735
729
743
741
726
734
732
737
736
733
743
734

------------------------


Simulacion numero 19


Velocidad cinta 0.200000

------------------------
701
698
699
708
707
698
691
697
701
704
696
694
706
697
701
708
691
707
697
696
706
691
695
699
701
708
711
698
697
705
708
701
702
692
695
699
692
710
708
701
701
702
695
712
697
705
705
700
701
701
704
696
704
710
710
700
690
696
699
696
697
697
698
709
689
705
706
698
697
690
695
692
694
695
699
698
693
700
703
700
698
705
701
698
692
708
697
695
699
706
702
703
690
699
697
690
697
704
706
709

------------------------


Simulacion numero 20


Velocidad cinta 0.210000

------------------------
672
664
661
677
673
664
662
661
659
679
668
669
668
670
661
664
673
658
667
664
670
673
661
668
670
670
665
662
668
664
670
669
657
668
671
669
664
659
679
680
673
668
659
670
672
668
669
666
660
669
663
665
662
675
659
676
668
666
668
670
664
665
665
653
666
661
669
668
668
664
669
663
670
669
667
672
670
663
675
669
668
671
676
669
675
666
664
673
674
668
667
672
670
672
669
673
664
664
667
666

------------------------


Simulacion numero 21


Velocidad cinta 0.220000

------------------------
628
638
633
630
636
652
640
639
638
633
635
635
637
636
642
631
636
643
633
650
639
640
628
631
640
636
636
634
638
631
641
634
634
640
640
629
634
635
635
637
636
634
635
631
633
629
634
637
637
638
643
643
636
646
642
634
636
633
635
640
644
637
637
628
636
644
642
637
632
636
645
639
642
636
636
638
646
640
645
641
639
631
630
638
635
633
647
637
638
634
628
633
636
639
644
639
634
628
639
633

------------------------


Simulacion numero 22


Velocidad cinta 0.230000

------------------------
607
610
611
613
617
614
610
611
611
611
608
603
609
609
609
608
614
601
602
611
617
600
612
605
604
615
611
600
606
613
605
609
601
617
617
605
617
607
601
606
607
603
599
609
613
611
608
607
609
617
602
608
607
609
613
613
612
616
611
617
616
607
613
611
612
605
613
606
612
613
617
610
622
609
610
604
607
608
605
610
609
609
609
608
608
615
609
613
599
605
605
616
612
613
607
608
609
615
610
611

------------------------


Simulacion numero 23


Velocidad cinta 0.240000

------------------------
578
583
581
581
574
588
576
581
584
590
576
591
583
578
583
583
583
578
579
584
585
582
581
582
583
579
579
579
588
588
584
589
579
582
582
585
586
583
588
577
588
594
581
586
582
589
578
582
584
580
584
581
588
578
579
595
587
588
590
578
573
593
582
589
580
579
589
585
589
574
585
594
589
575
586
583
580
587
589
578
583
576
589
579
591
579
579
592
584
582
585
582
584
587
586
587
582
590
578
577

------------------------


Simulacion numero 24


Velocidad cinta 0.250000

------------------------
551
563
555
563
556
559
563
564
564
558
569
559
554
561
563
565
562
560
562
563
554
560
566
560
559
554
564
557
549
560
568
563
565
559
560
560
563
569
565
558
559
569
559
556
560
557
552
554
558
558
568
567
559
561
552
567
561
565
559
568
561
565
563
556
555
556
559
567
565
563
558
564
559
561
573
562
558
552
561
558
558
562
558
562
559
562
561
568
565
559
554
562
563
561
551
557
561
554
568
553

------------------------


Simulacion numero 25


Velocidad cinta 0.260000

------------------------
544
538
541
541
546
538
538
533
532
540
541
535
540
551
537
538
533
545
544
538
540
541
544
542
545
532
534
531
540
537
540
541
540
540
532
537
536
540
535
538
541
545
539
543
535
537
541
539
542
544
533
537
540
544
535
536
543
539
542
541
535
543
527
541
534
543
536
547
544
535
546
535
544
536
547
533
536
542
540
535
539
536
540
536
542
542
535
536
541
544
538
534
549
540
538
534
529
536
539
536

------------------------


Simulacion numero 26


Velocidad cinta 0.270000

------------------------
524
521
513
521
523
517
515
515
519
515
519
525
522
520
518
515
520
521
516
523
519
512
526
520
518
521
519
525
508
516
528
518
515
514
517
510
529
515
517
518
513
514
512
515
518
524
516
520
517
519
522
508
514
511
522
525
512
514
519
514
513
522
515
521
519
519
510
519
524
522
523
524
514
520
520
522
525
520
515
518
518
517
516
527
518
523
514
521
523
516
521
517
516
515
521
527
521
516
524
524

------------------------


Simulacion numero 27


Velocidad cinta 0.280000

------------------------
500
499
503
499
498
497
501
505
498
503
499
498
501
496
496
502
498
496
503
493
499
496
507
503
508
497
505
501
509
505
504
494
502
500
493
504
492
499
501
498
505
501
498
508
506
504
502
509
507
502
496
499
501
499
501
499
497
502
502
494
499
501
499
498
497
502
503
506
499
495
496
502
508
496
483
503
489
495
497
505
507
500
499
496
499
496
495
501
500
504
494
498
496
493
502
498
506
491
506
493

------------------------


Simulacion numero 28


Velocidad cinta 0.290000

------------------------
482
488
483
480
485
485
489
481
484
478
484
488
476
482
479
485
485
484
481
491
492
479
480
483
482
478
481
483
482
483
486
486
488
486
481
487
478
480
481
487
486
480
483
482
489
495
487
484
480
489
486
489
482
481
485
490
482
484
484
484
467
474
489
486
481
486
489
480
479
488
485
477
485
486
479
477
481
483
494
486
483
491
483
484
474
489
479
486
486
478
479
488
481
491
480
480
474
480
486
488

------------------------


Simulacion numero 29


Velocidad cinta 0.300000

------------------------
470
470
461
467
471
474
460
464
465
469
461
469
471
473
473
462
465
464
459
465
468
467
462
465
472
466
460
467
468
477
467
465
474
471
467
464
470
467
469
465
474
461
464
468
463
463
483
466
474
472
468
473
468
458
462
463
467
469
464
464
459
470
464
469
468
459
464
468
466
466
473
462
466
472
467
469
472
469
466
467
466
465
468
466
469
469
464
470
464
462
463
466
469
479
464
465
469
464
469
465

------------------------


Simulacion numero 30


Velocidad cinta 0.310000

------------------------
451
446
450
465
455
455
454
451
441
454
455
457
452
451
454
457
449
452
448
448
448
451
449
448
452
455
452
457
452
447
453
453
447
459
455
451
448
451
453
454
448
453
449
449
457
451
458
449
453
454
450
455
453
449
451
454
454
454
453
462
455
453
454
450
452
452
455
446
455
459
451
445
455
443
453
455
453
448
450
450
448
457
450
449
451
446
451
450
454
455
452
453
455
456
457
456
446
458
441
454

------------------------


Simulacion numero 31


Velocidad cinta 0.320000

------------------------
439
436
435
435
442
437
439
432
437
442
441
439
438
445
441
442
435
438
433
431
440
438
446
440
441
438
432
439
432
445
433
435
438
441
441
440
434
441
430
441
443
436
438
433
434
441
438
430
445
433
434
438
443
439
445
445
436
443
436
441
441
443
437
432
437
444
448
441
444
440
441
433
437
431
438
441
436
445
436
436
437
437
441
438
443
441
437
440
432
437
432
442
439
437
444
437
431
433
437
440

------------------------


Simulacion numero 32


Velocidad cinta 0.330000

------------------------
425
417
423
420
436
419
422
426
429
425
425
423
425
425
425
429
430
421
426
423
426
420
431
423
421
425
430
427
420
432
418
424
423
422
429
434
435
427
427
425
419
432
427
417
428
426
422
423
417
429
421
435
427
428
419
428
425
425
424
421
427
428
416
423
423
425
423
425
422
422
431
425
418
421
421
427
415
425
425
423
426
423
419
429
426
423
426
427
426
424
428
422
420
426
425
427
417
423
425
428

------------------------


Simulacion numero 33


Velocidad cinta 0.340000

------------------------
401
413
419
412
406
410
418
415
410
410
415
410
416
411
410
409
410
415
413
414
415
417
419
414
414
406
416
416
408
419
410
412
414
414
415
411
409
411
404
417
416
413
415
415
418
408
419
415
410
416
410
420
414
411
422
416
418
415
415
402
412
413
411
413
423
411
410
415
416
413
412
414
413
406
411
415
409
415
411
410
408
414
413
414
410
414
415
416
414
415
411
413
409
407
408
419
415
412
415
409

------------------------


Simulacion numero 34


Velocidad cinta 0.350000

------------------------
400
397
396
404
396
397
404
397
404
404
405
400
395
401
397
405
398
405
401
402
403
407
399
402
406
396
392
398
405
400
403
400
406
400
399
396
386
407
401
398
402
401
397
398
393
401
404
409
394
396
400
399
405
407
402
404
398
396
403
399
395
400
403
404
397
406
406
399
400
400
395
400
395
403
402
401
402
398
406
400
398
396
399
399
402
404
395
398
399
392
403
399
394
403
395
402
397
403
401
408

------------------------


Simulacion numero 35


Velocidad cinta 0.360000

------------------------
392
390
389
386
386
391
388
388
393
386
383
390
378
393
395
393
385
393
389
394
387
382
388
391
386
392
392
380
395
393
385
394
384
391
388
388
386
387
390
393
395
390
386
391
395
388
390
402
384
384
383
389
385
392
390
387
391
390
383
389
395
388
384
383
396
381
385
389
391
384
383
386
393
387
391
390
385
389
388
384
392
395
388
394
393
391
391
386
393
383
394
387
393
386
387
390
389
385
386
388

------------------------


Simulacion numero 36


Velocidad cinta 0.370000

------------------------
380
379
381
382
379
380
386
383
381
378
379
373
375
375
381
380
377
376
382
379
380
375
378
377
380
373
371
377
384
379
378
378
375
376
377
380
378
378
376
379
380
384
375
382
378
386
377
384
382
376
381
380
378
377
379
378
381
387
381
375
372
376
373
382
381
375
374
376
374
380
378
374
376
379
379
385
382
377
375
372
375
377
375
381
379
380
378
380
385
379
379
380
380
381
384
378
374
379
382
380

------------------------


Simulacion numero 37


Velocidad cinta 0.380000

------------------------
372
366
372
370
367
367
371
368
371
369
364
374
362
370
369
374
372
366
377
370
365
368
369
370
372
371
371
361
371
363
372
369
370
370
370
373
370
369
375
371
369
367
375
371
368
369
374
370
370
376
373
368
365
367
367
368
366
371
364
371
374
373
365
371
374
375
368
365
360
369
369
373
372
368
375
367
374
375
374
372
363
367
364
371
371
367
365
369
371
375
369
370
369
374
374
374
368
364
366
370

------------------------


Simulacion numero 38


Velocidad cinta 0.390000

------------------------
360
358
359
364
358
361
363
351
360
363
365
361
362
358
366
362
367
353
357
366
354
358
367
365
357
354
358
358
357
365
359
352
360
358
364
358
357
360
359
362
360
359
354
363
366
357
357
358
361
355
359
356
365
360
361
362
362
362
356
356
364
361
359
354
359
362
362
359
362
362
362
357
360
356
359
359
354
356
365
364
361
350
364
358
356
357
357
355
358
361
359
354
366
359
351
361
362
363
360
357

------------------------


Simulacion numero 39


Velocidad cinta 0.400000

------------------------
357
350
353
351
353
354
345
356
352
355
348
350
351
351
350
345
349
344
351
353
352
348
345
348
348
347
347
352
353
351
342
357
351
350
355
344
351
351
353
351
352
353
356
346
356
357
350
351
349
353
357
350
351
358
351
351
351
345
348
347
350
353
345
355
351
347
351
348
356
349
354
355
355
353
351
350
356
351
357
349
355
349
351
357
349
351
349
347
348
344
346
348
349
349
351
349
351
348
343
350
