
------------------------


Simulacion numero 0


Velocidad cinta 0.010000

------------------------
x=1000
y=0
x=1000
y=0
x=1000
y=0
x=1000
y=0
x=1000
y=0
x=1000
y=0
x=1000
y=0
x=1000
y=0
x=1000
y=0
x=1000
y=0
x=1000
y=0
x=1000
y=0
x=1000
y=0
x=1000
y=0
x=1000
y=0
x=1000
y=0
x=1000
y=0
x=1000
y=0
x=1000
y=0
x=1000
y=0
x=1000
y=0
x=1000
y=0
x=1000
y=0
x=1000
y=0
x=1000
y=0
x=1000
y=0
x=1000
y=0
x=1000
y=0
x=1000
y=0
x=1000
y=0
x=1000
y=0
x=1000
y=0
x=1000
y=0
x=1000
y=0
x=1000
y=0
x=1000
y=0
x=1000
y=0
x=1000
y=0
x=1000
y=0
x=1000
y=0
x=1000
y=0
x=1000
y=0
x=1000
y=0
x=1000
y=0
x=1000
y=0
x=1000
y=0
x=1000
y=0
x=1000
y=0
x=1000
y=0
x=1000
y=0
x=1000
y=0
x=1000
y=0
x=1000
y=0
x=1000
y=0
x=1000
y=0
x=1000
y=0
x=1000
y=0
x=1000
y=0
x=1000
y=0
x=1000
y=0
x=1000
y=0
x=1000
y=0
x=1000
y=0
x=1000
y=0
x=1000
y=0
x=1000
y=0
x=1000
y=0
x=1000
y=0
x=1000
y=0
x=1000
y=0
x=1000
y=0
x=1000
y=0
x=1000
y=0
x=1000
y=0
x=1000
y=0
x=1000
y=0
x=1000
y=0
x=1000
y=0
x=1000
y=0
x=1000
y=0
x=1000
y=0
x=1000
y=0
x=1000
y=0
x=1000
y=0
x=1000
y=0
x=1000
y=0
x=1000
y=0
x=1000
y=0
x=1000
y=0
x=1000
y=0
x=1000
y=0
x=1000
y=0
x=1000
y=0
x=1000
y=0
x=1000
y=0
x=1000
y=0
x=1000
y=0
x=1000
y=0
x=1000
y=0
x=1000
y=0

------------------------


Simulacion numero 1


Velocidad cinta 0.020000

------------------------
x=1000
y=0
x=1000
y=0
x=1000
y=0
x=1000
y=0
x=1000
y=0
x=1000
y=0
x=1000
y=0
x=1000
y=0
x=1000
y=0
x=1000
y=0
x=1000
y=0
x=1000
y=0
x=1000
y=0
x=1000
y=0
x=1000
y=0
x=1000
y=0
x=1000
y=0
x=1000
y=0
x=1000
y=0
x=1000
y=0
x=1000
y=0
x=1000
y=0
x=1000
y=0
x=1000
y=0
x=1000
y=0
x=1000
y=0
x=1000
y=0
x=1000
y=0
x=1000
y=0
x=1000
y=0
x=1000
y=0
x=1000
y=0
x=1000
y=0
x=1000
y=0
x=1000
y=0
x=1000
y=0
x=1000
y=0
x=1000
y=0
x=1000
y=0
x=1000
y=0
x=1000
y=0
x=1000
y=0
x=1000
y=0
x=1000
y=0
x=1000
y=0
x=1000
y=0
x=1000
y=0
x=1000
y=0
x=1000
y=0
x=1000
y=0
x=1000
y=0
x=1000
y=0
x=1000
y=0
x=1000
y=0
x=1000
y=0
x=1000
y=0
x=1000
y=0
x=1000
y=0
x=1000
y=0
x=1000
y=0
x=1000
y=0
x=1000
y=0
x=1000
y=0
x=1000
y=0
x=1000
y=0
x=1000
y=0
x=1000
y=0
x=1000
y=0
x=1000
y=0
x=1000
y=0
x=1000
y=0
x=1000
y=0
x=1000
y=0
x=1000
y=0
x=1000
y=0
x=1000
y=0
x=1000
y=0
x=1000
y=0
x=1000
y=0
x=1000
y=0
x=1000
y=0
x=1000
y=0
x=1000
y=0
x=1000
y=0
x=1000
y=0
x=1000
y=0
x=1000
y=0
x=1000
y=0
x=1000
y=0
x=1000
y=0
x=1000
y=0
x=1000
y=0
x=1000
y=0
x=1000
y=0
x=1000
y=0
x=1000
y=0
x=1000
y=0
x=1000
y=0
x=1000
y=0
x=1000
y=0

------------------------


Simulacion numero 2


Velocidad cinta 0.030000

------------------------
x=1000
y=0
x=1000
y=0
x=1000
y=0
x=1000
y=0
x=1000
y=0
x=1000
y=0
x=1000
y=0
x=1000
y=0
x=1000
y=0
x=1000
y=0
x=1000
y=0
x=1000
y=0
x=1000
y=0
x=1000
y=0
x=1000
y=0
x=1000
y=0
x=1000
y=0
x=1000
y=0
x=1000
y=0
x=1000
y=0
x=1000
y=0
x=1000
y=0
x=1000
y=0
x=1000
y=0
x=1000
y=0
x=1000
y=0
x=1000
y=0
x=1000
y=0
x=1000
y=0
x=1000
y=0
x=1000
y=0
x=1000
y=0
x=1000
y=0
x=1000
y=0
x=1000
y=0
x=1000
y=0
x=1000
y=0
x=1000
y=0
x=1000
y=0
x=1000
y=0
x=1000
y=0
x=1000
y=0
x=1000
y=0
x=1000
y=0
x=1000
y=0
x=1000
y=0
x=1000
y=0
x=1000
y=0
x=1000
y=0
x=1000
y=0
x=1000
y=0
x=1000
y=0
x=1000
y=0
x=1000
y=0
x=1000
y=0
x=1000
y=0
x=1000
y=0
x=1000
y=0
x=1000
y=0
x=1000
y=0
x=1000
y=0
x=1000
y=0
x=1000
y=0
x=1000
y=0
x=1000
y=0
x=1000
y=0
x=1000
y=0
x=1000
y=0
x=1000
y=0
x=1000
y=0
x=1000
y=0
x=1000
y=0
x=1000
y=0
x=1000
y=0
x=1000
y=0
x=1000
y=0
x=1000
y=0
x=1000
y=0
x=1000
y=0
x=1000
y=0
x=1000
y=0
x=1000
y=0
x=1000
y=0
x=1000
y=0
x=1000
y=0
x=1000
y=0
x=1000
y=0
x=1000
y=0
x=1000
y=0
x=1000
y=0
x=1000
y=0
x=1000
y=0
x=1000
y=0
x=1000
y=0
x=1000
y=0
x=1000
y=0
x=1000
y=0
x=1000
y=0
x=1000
y=0
x=1000
y=0

------------------------


Simulacion numero 3


Velocidad cinta 0.040000

------------------------
x=1000
y=0
x=1000
y=0
x=1000
y=0
x=1000
y=0
x=1000
y=0
x=1000
y=0
x=1000
y=0
x=1000
y=0
x=1000
y=0
x=1000
y=0
x=1000
y=0
x=1000
y=0
x=1000
y=0
x=1000
y=0
x=1000
y=0
x=1000
y=0
x=1000
y=0
x=1000
y=0
x=1000
y=0
x=1000
y=0
x=1000
y=0
x=1000
y=0
x=1000
y=0
x=1000
y=0
x=1000
y=0
x=1000
y=0
x=1000
y=0
x=1000
y=0
x=1000
y=0
x=1000
y=0
x=1000
y=0
x=1000
y=0
x=1000
y=0
x=1000
y=0
x=1000
y=0
x=1000
y=0
x=1000
y=0
x=1000
y=0
x=1000
y=0
x=1000
y=0
x=1000
y=0
x=1000
y=0
x=1000
y=0
x=1000
y=0
x=1000
y=0
x=1000
y=0
x=1000
y=0
x=1000
y=0
x=1000
y=0
x=1000
y=0
x=1000
y=0
x=1000
y=0
x=1000
y=0
x=1000
y=0
x=1000
y=0
x=1000
y=0
x=1000
y=0
x=1000
y=0
x=1000
y=0
x=1000
y=0
x=1000
y=0
x=1000
y=0
x=1000
y=0
x=1000
y=0
x=1000
y=0
x=1000
y=0
x=1000
y=0
x=1000
y=0
x=1000
y=0
x=1000
y=0
x=1000
y=0
x=1000
y=0
x=1000
y=0
x=1000
y=0
x=1000
y=0
x=1000
y=0
x=1000
y=0
x=1000
y=0
x=1000
y=0
x=1000
y=0
x=1000
y=0
x=1000
y=0
x=1000
y=0
x=1000
y=0
x=1000
y=0
x=1000
y=0
x=1000
y=0
x=1000
y=0
x=1000
y=0
x=1000
y=0
x=1000
y=0
x=1000
y=0
x=1000
y=0
x=1000
y=0
x=1000
y=0
x=1000
y=0
x=1000
y=0
x=1000
y=0
x=1000
y=0
x=1000
y=0

------------------------


Simulacion numero 4


Velocidad cinta 0.050000

------------------------
x=1000
y=0
x=1000
y=0
x=1000
y=0
x=1000
y=0
x=1000
y=0
x=1000
y=0
x=1000
y=0
x=1000
y=0
x=1000
y=0
x=1000
y=0
x=1000
y=0
x=1000
y=0
x=1000
y=0
x=1000
y=0
x=1000
y=0
x=1000
y=0
x=1000
y=0
x=1000
y=0
x=1000
y=0
x=1000
y=0
x=1000
y=0
x=1000
y=0
x=1000
y=0
x=1000
y=0
x=1000
y=0
x=1000
y=0
x=1000
y=0
x=1000
y=0
x=1000
y=0
x=1000
y=0
x=1000
y=0
x=1000
y=0
x=1000
y=0
x=1000
y=0
x=1000
y=0
x=1000
y=0
x=1000
y=0
x=1000
y=0
x=1000
y=0
x=1000
y=0
x=1000
y=0
x=1000
y=0
x=1000
y=0
x=1000
y=0
x=1000
y=0
x=1000
y=0
x=1000
y=0
x=1000
y=0
x=1000
y=0
x=1000
y=0
x=1000
y=0
x=1000
y=0
x=1000
y=0
x=1000
y=0
x=1000
y=0
x=1000
y=0
x=1000
y=0
x=1000
y=0
x=1000
y=0
x=1000
y=0
x=1000
y=0
x=1000
y=0
x=1000
y=0
x=1000
y=0
x=1000
y=0
x=1000
y=0
x=1000
y=0
x=1000
y=0
x=1000
y=0
x=1000
y=0
x=1000
y=0
x=1000
y=0
x=1000
y=0
x=1000
y=0
x=1000
y=0
x=1000
y=0
x=1000
y=0
x=1000
y=0
x=1000
y=0
x=1000
y=0
x=1000
y=0
x=1000
y=0
x=1000
y=0
x=1000
y=0
x=1000
y=0
x=1000
y=0
x=1000
y=0
x=1000
y=0
x=1000
y=0
x=1000
y=0
x=1000
y=0
x=1000
y=0
x=1000
y=0
x=1000
y=0
x=1000
y=0
x=1000
y=0
x=1000
y=0
x=1000
y=0
x=1000
y=0
x=1000
y=0

------------------------


Simulacion numero 5


Velocidad cinta 0.060000

------------------------
x=1000
y=0
x=1000
y=0
x=1000
y=0
x=1000
y=0
x=1000
y=0
x=1000
y=0
x=1000
y=0
x=1000
y=0
x=1000
y=0
x=1000
y=0
x=1000
y=0
x=1000
y=0
x=1000
y=0
x=1000
y=0
x=1000
y=0
x=1000
y=0
x=1000
y=0
x=1000
y=0
x=1000
y=0
x=1000
y=0
x=1000
y=0
x=1000
y=0
x=1000
y=0
x=1000
y=0
x=1000
y=0
x=1000
y=0
x=1000
y=0
x=1000
y=0
x=1000
y=0
x=1000
y=0
x=1000
y=0
x=1000
y=0
x=1000
y=0
x=1000
y=0
x=1000
y=0
x=1000
y=0
x=1000
y=0
x=1000
y=0
x=1000
y=0
x=1000
y=0
x=1000
y=0
x=1000
y=0
x=1000
y=0
x=1000
y=0
x=1000
y=0
x=1000
y=0
x=1000
y=0
x=1000
y=0
x=1000
y=0
x=1000
y=0
x=1000
y=0
x=1000
y=0
x=1000
y=0
x=1000
y=0
x=1000
y=0
x=1000
y=0
x=1000
y=0
x=1000
y=0
x=1000
y=0
x=1000
y=0
x=1000
y=0
x=1000
y=0
x=1000
y=0
x=1000
y=0
x=1000
y=0
x=1000
y=0
x=1000
y=0
x=1000
y=0
x=1000
y=0
x=1000
y=0
x=1000
y=0
x=1000
y=0
x=1000
y=0
x=1000
y=0
x=1000
y=0
x=1000
y=0
x=1000
y=0
x=1000
y=0
x=1000
y=0
x=1000
y=0
x=1000
y=0
x=1000
y=0
x=1000
y=0
x=1000
y=0
x=1000
y=0
x=1000
y=0
x=1000
y=0
x=1000
y=0
x=1000
y=0
x=1000
y=0
x=1000
y=0
x=1000
y=0
x=1000
y=0
x=1000
y=0
x=1000
y=0
x=1000
y=0
x=1000
y=0
x=1000
y=0
x=1000
y=0
x=1000
y=0

------------------------


Simulacion numero 6


Velocidad cinta 0.070000

------------------------
x=1000
y=0
x=1000
y=0
x=1000
y=0
x=1000
y=0
x=1000
y=0
x=1000
y=0
x=1000
y=0
x=1000
y=0
x=1000
y=0
x=1000
y=0
x=1000
y=0
x=1000
y=0
x=1000
y=0
x=1000
y=0
x=1000
y=0
x=1000
y=0
x=1000
y=0
x=1000
y=0
x=1000
y=0
x=1000
y=0
x=1000
y=0
x=1000
y=0
x=1000
y=0
x=1000
y=0
x=1000
y=0
x=1000
y=0
x=1000
y=0
x=1000
y=0
x=1000
y=0
x=1000
y=0
x=1000
y=0
x=1000
y=0
x=1000
y=0
x=1000
y=0
x=1000
y=0
x=1000
y=0
x=1000
y=0
x=1000
y=0
x=1000
y=0
x=1000
y=0
x=1000
y=0
x=1000
y=0
x=1000
y=0
x=1000
y=0
x=1000
y=0
x=1000
y=0
x=1000
y=0
x=1000
y=0
x=1000
y=0
x=1000
y=0
x=1000
y=0
x=1000
y=0
x=1000
y=0
x=1000
y=0
x=1000
y=0
x=1000
y=0
x=1000
y=0
x=1000
y=0
x=1000
y=0
x=1000
y=0
x=1000
y=0
x=1000
y=0
x=1000
y=0
x=1000
y=0
x=1000
y=0
x=1000
y=0
x=1000
y=0
x=1000
y=0
x=1000
y=0
x=1000
y=0
x=1000
y=0
x=1000
y=0
x=1000
y=0
x=1000
y=0
x=1000
y=0
x=1000
y=0
x=1000
y=0
x=1000
y=0
x=1000
y=0
x=1000
y=0
x=1000
y=0
x=1000
y=0
x=1000
y=0
x=1000
y=0
x=1000
y=0
x=1000
y=0
x=1000
y=0
x=1000
y=0
x=1000
y=0
x=1000
y=0
x=1000
y=0
x=1000
y=0
x=1000
y=0
x=1000
y=0
x=1000
y=0
x=1000
y=0
x=1000
y=0
x=1000
y=0
x=1000
y=0
x=1000
y=0

------------------------


Simulacion numero 7


Velocidad cinta 0.080000

------------------------
x=1000
y=0
x=1000
y=0
x=1000
y=0
x=1000
y=0
x=1000
y=0
x=1000
y=0
x=1000
y=0
x=1000
y=0
x=1000
y=0
x=1000
y=0
x=1000
y=0
x=1000
y=0
x=1000
y=0
x=1000
y=0
x=1000
y=0
x=1000
y=0
x=1000
y=0
x=1000
y=0
x=1000
y=0
x=1000
y=0
x=1000
y=0
x=1000
y=0
x=1000
y=0
x=1000
y=0
x=1000
y=0
x=1000
y=0
x=1000
y=0
x=1000
y=0
x=1000
y=0
x=1000
y=0
x=1000
y=0
x=1000
y=0
x=1000
y=0
x=1000
y=0
x=1000
y=0
x=1000
y=0
x=1000
y=0
x=1000
y=0
x=1000
y=0
x=1000
y=0
x=1000
y=0
x=1000
y=0
x=1000
y=0
x=1000
y=0
x=1000
y=0
x=1000
y=0
x=1000
y=0
x=1000
y=0
x=1000
y=0
x=1000
y=0
x=1000
y=0
x=1000
y=0
x=1000
y=0
x=1000
y=0
x=1000
y=0
x=1000
y=0
x=1000
y=0
x=1000
y=0
x=1000
y=0
x=1000
y=0
x=1000
y=0
x=1000
y=0
x=1000
y=0
x=1000
y=0
x=1000
y=0
x=1000
y=0
x=1000
y=0
x=1000
y=0
x=1000
y=0
x=1000
y=0
x=1000
y=0
x=1000
y=0
x=1000
y=0
x=1000
y=0
x=1000
y=0
x=1000
y=0
x=1000
y=0
x=1000
y=0
x=1000
y=0
x=1000
y=0
x=1000
y=0
x=1000
y=0
x=1000
y=0
x=1000
y=0
x=1000
y=0
x=1000
y=0
x=1000
y=0
x=1000
y=0
x=1000
y=0
x=1000
y=0
x=1000
y=0
x=1000
y=0
x=1000
y=0
x=1000
y=0
x=1000
y=0
x=1000
y=0
x=1000
y=0
x=1000
y=0
x=1000
y=0
x=1000
y=0

------------------------


Simulacion numero 8


Velocidad cinta 0.090000

------------------------
x=1000
y=0
x=1000
y=0
x=1000
y=0
x=1000
y=0
x=1000
y=0
x=1000
y=0
x=1000
y=0
x=1000
y=0
x=1000
y=0
x=1000
y=0
x=1000
y=0
x=1000
y=0
x=1000
y=0
x=1000
y=0
x=1000
y=0
x=1000
y=0
x=1000
y=0
x=1000
y=0
x=1000
y=0
x=1000
y=0
x=1000
y=0
x=1000
y=0
x=1000
y=0
x=1000
y=0
x=1000
y=0
x=1000
y=0
x=1000
y=0
x=1000
y=0
x=1000
y=0
x=1000
y=0
x=1000
y=0
x=1000
y=0
x=1000
y=0
x=1000
y=0
x=1000
y=0
x=1000
y=0
x=1000
y=0
x=1000
y=0
x=1000
y=0
x=1000
y=0
x=1000
y=0
x=1000
y=0
x=1000
y=0
x=1000
y=0
x=1000
y=0
x=1000
y=0
x=1000
y=0
x=1000
y=0
x=1000
y=0
x=1000
y=0
x=1000
y=0
x=1000
y=0
x=1000
y=0
x=1000
y=0
x=1000
y=0
x=1000
y=0
x=1000
y=0
x=1000
y=0
x=1000
y=0
x=1000
y=0
x=1000
y=0
x=1000
y=0
x=1000
y=0
x=1000
y=0
x=1000
y=0
x=1000
y=0
x=1000
y=0
x=1000
y=0
x=1000
y=0
x=1000
y=0
x=1000
y=0
x=1000
y=0
x=1000
y=0
x=1000
y=0
x=1000
y=0
x=1000
y=0
x=1000
y=0
x=1000
y=0
x=1000
y=0
x=1000
y=0
x=1000
y=0
x=1000
y=0
x=1000
y=0
x=1000
y=0
x=1000
y=0
x=1000
y=0
x=1000
y=0
x=1000
y=0
x=1000
y=0
x=1000
y=0
x=1000
y=0
x=1000
y=0
x=1000
y=0
x=1000
y=0
x=1000
y=0
x=1000
y=0
x=1000
y=0
x=1000
y=0
x=1000
y=0
x=1000
y=0

------------------------


Simulacion numero 9


Velocidad cinta 0.100000

------------------------
x=1000
y=0
x=1000
y=0
x=1000
y=0
x=1000
y=0
x=1000
y=0
x=1000
y=0
x=1000
y=0
x=1000
y=0
x=1000
y=0
x=1000
y=0
x=1000
y=0
x=1000
y=0
x=1000
y=0
x=1000
y=0
x=1000
y=0
x=1000
y=0
x=1000
y=0
x=1000
y=0
x=1000
y=0
x=1000
y=0
x=1000
y=0
x=1000
y=0
x=1000
y=0
x=1000
y=0
x=1000
y=0
x=1000
y=0
x=1000
y=0
x=1000
y=0
x=1000
y=0
x=1000
y=0
x=1000
y=0
x=1000
y=0
x=1000
y=0
x=1000
y=0
x=1000
y=0
x=1000
y=0
x=1000
y=0
x=1000
y=0
x=1000
y=0
x=1000
y=0
x=1000
y=0
x=1000
y=0
x=1000
y=0
x=1000
y=0
x=1000
y=0
x=1000
y=0
x=1000
y=0
x=1000
y=0
x=1000
y=0
x=1000
y=0
x=1000
y=0
x=1000
y=0
x=1000
y=0
x=1000
y=0
x=1000
y=0
x=1000
y=0
x=1000
y=0
x=1000
y=0
x=1000
y=0
x=1000
y=0
x=1000
y=0
x=1000
y=0
x=1000
y=0
x=1000
y=0
x=1000
y=0
x=1000
y=0
x=1000
y=0
x=1000
y=0
x=1000
y=0
x=1000
y=0
x=1000
y=0
x=1000
y=0
x=1000
y=0
x=1000
y=0
x=1000
y=0
x=1000
y=0
x=1000
y=0
x=1000
y=0
x=1000
y=0
x=1000
y=0
x=1000
y=0
x=1000
y=0
x=1000
y=0
x=1000
y=0
x=1000
y=0
x=1000
y=0
x=1000
y=0
x=1000
y=0
x=1000
y=0
x=1000
y=0
x=1000
y=0
x=1000
y=0
x=1000
y=0
x=1000
y=0
x=1000
y=0
x=1000
y=0
x=1000
y=0
x=1000
y=0
x=1000
y=0
x=1000
y=0

------------------------


Simulacion numero 10


Velocidad cinta 0.110000

------------------------
x=1000
y=0
x=1000
y=0
x=1000
y=0
x=1000
y=0
x=1000
y=0
x=1000
y=0
x=1000
y=0
x=1000
y=0
x=1000
y=0
x=1000
y=0
x=1000
y=0
x=1000
y=0
x=1000
y=0
x=1000
y=0
x=1000
y=0
x=1000
y=0
x=1000
y=0
x=1000
y=0
x=1000
y=0
x=1000
y=0
x=1000
y=0
x=1000
y=0
x=1000
y=0
x=1000
y=0
x=1000
y=0
x=1000
y=0
x=1000
y=0
x=1000
y=0
x=1000
y=0
x=1000
y=0
x=1000
y=0
x=1000
y=0
x=1000
y=0
x=1000
y=0
x=1000
y=0
x=1000
y=0
x=1000
y=0
x=1000
y=0
x=1000
y=0
x=1000
y=0
x=1000
y=0
x=1000
y=0
x=1000
y=0
x=1000
y=0
x=1000
y=0
x=1000
y=0
x=1000
y=0
x=1000
y=0
x=1000
y=0
x=1000
y=0
x=1000
y=0
x=1000
y=0
x=1000
y=0
x=1000
y=0
x=1000
y=0
x=1000
y=0
x=1000
y=0
x=1000
y=0
x=1000
y=0
x=1000
y=0
x=1000
y=0
x=1000
y=0
x=1000
y=0
x=1000
y=0
x=1000
y=0
x=1000
y=0
x=1000
y=0
x=1000
y=0
x=1000
y=0
x=1000
y=0
x=1000
y=0
x=1000
y=0
x=1000
y=0
x=1000
y=0
x=1000
y=0
x=1000
y=0
x=1000
y=0
x=1000
y=0
x=1000
y=0
x=1000
y=0
x=1000
y=0
x=1000
y=0
x=1000
y=0
x=1000
y=0
x=1000
y=0
x=1000
y=0
x=1000
y=0
x=1000
y=0
x=1000
y=0
x=1000
y=0
x=1000
y=0
x=1000
y=0
x=1000
y=0
x=1000
y=0
x=1000
y=0
x=1000
y=0
x=1000
y=0
x=1000
y=0
x=1000
y=0
x=1000
y=0

------------------------


Simulacion numero 11


Velocidad cinta 0.120000

------------------------
x=1000
y=0
x=1000
y=0
x=1000
y=0
x=1000
y=0
x=1000
y=0
x=1000
y=0
x=1000
y=0
x=1000
y=0
x=1000
y=0
x=1000
y=0
x=1000
y=0
x=1000
y=0
x=1000
y=0
x=1000
y=0
x=1000
y=0
x=1000
y=0
x=1000
y=0
x=1000
y=0
x=1000
y=0
x=1000
y=0
x=1000
y=0
x=1000
y=0
x=1000
y=0
x=1000
y=0
x=1000
y=0
x=1000
y=0
x=1000
y=0
x=1000
y=0
x=1000
y=0
x=1000
y=0
x=1000
y=0
x=1000
y=0
x=1000
y=0
x=1000
y=0
x=1000
y=0
x=1000
y=0
x=1000
y=0
x=1000
y=0
x=1000
y=0
x=1000
y=0
x=1000
y=0
x=1000
y=0
x=1000
y=0
x=1000
y=0
x=1000
y=0
x=1000
y=0
x=1000
y=0
x=1000
y=0
x=1000
y=0
x=1000
y=0
x=1000
y=0
x=1000
y=0
x=1000
y=0
x=1000
y=0
x=1000
y=0
x=1000
y=0
x=1000
y=0
x=1000
y=0
x=1000
y=0
x=1000
y=0
x=1000
y=0
x=1000
y=0
x=1000
y=0
x=1000
y=0
x=1000
y=0
x=1000
y=0
x=1000
y=0
x=1000
y=0
x=1000
y=0
x=1000
y=0
x=1000
y=0
x=1000
y=0
x=1000
y=0
x=1000
y=0
x=1000
y=0
x=1000
y=0
x=1000
y=0
x=1000
y=0
x=1000
y=0
x=1000
y=0
x=1000
y=0
x=1000
y=0
x=1000
y=0
x=1000
y=0
x=1000
y=0
x=1000
y=0
x=1000
y=0
x=1000
y=0
x=1000
y=0
x=1000
y=0
x=1000
y=0
x=1000
y=0
x=1000
y=0
x=1000
y=0
x=1000
y=0
x=1000
y=0
x=1000
y=0
x=1000
y=0
x=1000
y=0
x=1000
y=0

------------------------


Simulacion numero 12


Velocidad cinta 0.130000

------------------------
x=1000
y=0
x=997
y=3
x=999
y=1
x=1000
y=0
x=997
y=3
x=999
y=1
x=998
y=2
x=1000
y=0
x=998
y=2
x=999
y=1
x=998
y=2
x=999
y=1
x=998
y=2
x=999
y=1
x=997
y=3
x=995
y=5
x=999
y=1
x=997
y=3
x=996
y=4
x=999
y=1
x=999
y=1
x=999
y=1
x=1000
y=0
x=998
y=2
x=1000
y=0
x=1000
y=0
x=999
y=1
x=999
y=1
x=1000
y=0
x=998
y=2
x=1000
y=0
x=1000
y=0
x=998
y=2
x=1000
y=0
x=998
y=2
x=998
y=2
x=1000
y=0
x=998
y=2
x=998
y=2
x=999
y=1
x=999
y=1
x=997
y=3
x=998
y=2
x=996
y=4
x=998
y=2
x=998
y=2
x=999
y=1
x=1000
y=0
x=999
y=1
x=997
y=3
x=998
y=2
x=997
y=3
x=1000
y=0
x=1000
y=0
x=998
y=2
x=998
y=2
x=997
y=3
x=999
y=1
x=998
y=2
x=1000
y=0
x=998
y=2
x=998
y=2
x=999
y=1
x=998
y=2
x=1000
y=0
x=998
y=2
x=1000
y=0
x=997
y=3
x=1000
y=0
x=999
y=1
x=996
y=4
x=997
y=3
x=998
y=2
x=998
y=2
x=1000
y=0
x=997
y=3
x=999
y=1
x=998
y=2
x=998
y=2
x=993
y=7
x=997
y=3
x=995
y=5
x=999
y=1
x=998
y=2
x=999
y=1
x=997
y=3
x=1000
y=0
x=998
y=2
x=999
y=1
x=996
y=4
x=1000
y=0
x=997
y=3
x=1000
y=0
x=999
y=1
x=998
y=2
x=998
y=2
x=999
y=1
x=1000
y=0
x=997
y=3
x=997
y=3

------------------------


Simulacion numero 13


Velocidad cinta 0.140000

------------------------
x=970
y=30
x=975
y=25
x=974
y=26
x=976
y=24
x=968
y=32
x=979
y=21
x=976
y=24
x=977
y=23
x=970
y=30
x=975
y=25
x=969
y=31
x=967
y=33
x=973
y=27
x=975
y=25
x=979
y=21
x=975
y=25
x=975
y=25
x=975
y=25
x=971
y=29
x=974
y=26
x=981
y=19
x=973
y=27
x=973
y=27
x=974
y=26
x=971
y=29
x=979
y=21
x=977
y=23
x=976
y=24
x=965
y=35
x=969
y=31
x=977
y=23
x=978
y=22
x=970
y=30
x=975
y=25
x=963
y=37
x=967
y=33
x=979
y=21
x=979
y=21
x=976
y=24
x=973
y=27
x=970
y=30
x=976
y=24
x=980
y=20
x=973
y=27
x=976
y=24
x=980
y=20
x=977
y=23
x=969
y=31
x=974
y=26
x=981
y=19
x=975
y=25
x=977
y=23
x=973
y=27
x=974
y=26
x=978
y=22
x=975
y=25
x=978
y=22
x=977
y=23
x=972
y=28
x=973
y=27
x=976
y=24
x=982
y=18
x=970
y=30
x=975
y=25
x=976
y=24
x=974
y=26
x=971
y=29
x=976
y=24
x=980
y=20
x=981
y=19
x=976
y=24
x=975
y=25
x=973
y=27
x=976
y=24
x=970
y=30
x=975
y=25
x=974
y=26
x=970
y=30
x=980
y=20
x=984
y=16
x=971
y=29
x=975
y=25
x=977
y=23
x=981
y=19
x=974
y=26
x=968
y=32
x=979
y=21
x=979
y=21
x=978
y=22
x=964
y=36
x=977
y=23
x=973
y=27
x=971
y=29
x=974
y=26
x=975
y=25
x=976
y=24
x=968
y=32
x=978
y=22
x=975
y=25
x=971
y=29

------------------------


Simulacion numero 14


Velocidad cinta 0.150000

------------------------
x=942
y=58
x=929
y=71
x=933
y=67
x=931
y=69
x=922
y=78
x=931
y=69
x=922
y=78
x=918
y=82
x=924
y=76
x=926
y=74
x=917
y=83
x=929
y=71
x=938
y=62
x=932
y=68
x=922
y=78
x=930
y=70
x=930
y=70
x=922
y=78
x=928
y=72
x=923
y=77
x=929
y=71
x=920
y=80
x=925
y=75
x=932
y=68
x=924
y=76
x=926
y=74
x=925
y=75
x=922
y=78
x=922
y=78
x=932
y=68
x=922
y=78
x=935
y=65
x=913
y=87
x=918
y=82
x=928
y=72
x=928
y=72
x=930
y=70
x=929
y=71
x=924
y=76
x=924
y=76
x=924
y=76
x=928
y=72
x=916
y=84
x=918
y=82
x=928
y=72
x=926
y=74
x=924
y=76
x=922
y=78
x=925
y=75
x=918
y=82
x=929
y=71
x=918
y=82
x=930
y=70
x=925
y=75
x=917
y=83
x=925
y=75
x=918
y=82
x=925
y=75
x=921
y=79
x=926
y=74
x=930
y=70
x=925
y=75
x=927
y=73
x=925
y=75
x=927
y=73
x=913
y=87
x=917
y=83
x=930
y=70
x=924
y=76
x=924
y=76
x=923
y=77
x=928
y=72
x=927
y=73
x=921
y=79
x=922
y=78
x=928
y=72
x=925
y=75
x=928
y=72
x=929
y=71
x=921
y=79
x=929
y=71
x=925
y=75
x=924
y=76
x=933
y=67
x=926
y=74
x=929
y=71
x=928
y=72
x=925
y=75
x=931
y=69
x=933
y=67
x=916
y=84
x=925
y=75
x=929
y=71
x=924
y=76
x=929
y=71
x=924
y=76
x=936
y=64
x=921
y=79
x=924
y=76
x=933
y=67

------------------------


Simulacion numero 15


Velocidad cinta 0.160000

------------------------
x=875
y=125
x=873
y=127
x=880
y=120
x=875
y=125
x=866
y=134
x=885
y=115
x=884
y=116
x=868
y=132
x=871
y=129
x=870
y=130
x=883
y=117
x=876
y=124
x=869
y=131
x=866
y=134
x=878
y=122
x=869
y=131
x=873
y=127
x=865
y=135
x=880
y=120
x=870
y=130
x=877
y=123
x=867
y=133
x=867
y=133
x=871
y=129
x=873
y=127
x=867
y=133
x=879
y=121
x=865
y=135
x=879
y=121
x=867
y=133
x=876
y=124
x=873
y=127
x=872
y=128
x=881
y=119
x=866
y=134
x=866
y=134
x=874
y=126
x=861
y=139
x=864
y=136
x=871
y=129
x=866
y=134
x=859
y=141
x=873
y=127
x=868
y=132
x=874
y=126
x=873
y=127
x=872
y=128
x=870
y=130
x=872
y=128
x=870
y=130
x=878
y=122
x=872
y=128
x=870
y=130
x=866
y=134
x=867
y=133
x=872
y=128
x=874
y=126
x=870
y=130
x=872
y=128
x=875
y=125
x=871
y=129
x=869
y=131
x=867
y=133
x=867
y=133
x=867
y=133
x=872
y=128
x=868
y=132
x=873
y=127
x=872
y=128
x=874
y=126
x=864
y=136
x=866
y=134
x=861
y=139
x=869
y=131
x=876
y=124
x=876
y=124
x=867
y=133
x=872
y=128
x=881
y=119
x=868
y=132
x=875
y=125
x=877
y=123
x=863
y=137
x=881
y=119
x=871
y=129
x=872
y=128
x=872
y=128
x=875
y=125
x=873
y=127
x=875
y=125
x=877
y=123
x=863
y=137
x=878
y=122
x=875
y=125
x=865
y=135
x=877
y=123
x=875
y=125
x=874
y=126
x=858
y=142
x=865
y=135

------------------------


Simulacion numero 16


Velocidad cinta 0.170000

------------------------
x=834
y=166
x=822
y=178
x=819
y=181
x=824
y=176
x=828
y=172
x=816
y=184
x=816
y=184
x=819
y=181
x=812
y=188
x=824
y=176
x=833
y=167
x=823
y=177
x=816
y=184
x=825
y=175
x=826
y=174
x=830
y=170
x=817
y=183
x=816
y=184
x=814
y=186
x=819
y=181
x=813
y=187
x=822
y=178
x=814
y=186
x=821
y=179
x=818
y=182
x=826
y=174
x=830
y=170
x=814
y=186
x=826
y=174
x=826
y=174
x=825
y=175
x=822
y=178
x=830
y=170
x=823
y=177
x=819
y=181
x=814
y=186
x=825
y=175
x=822
y=178
x=823
y=177
x=824
y=176
x=825
y=175
x=820
y=180
x=825
y=175
x=833
y=167
x=823
y=177
x=818
y=182
x=822
y=178
x=830
y=170
x=827
y=173
x=816
y=184
x=834
y=166
x=811
y=189
x=818
y=182
x=812
y=188
x=822
y=178
x=814
y=186
x=828
y=172
x=823
y=177
x=817
y=183
x=823
y=177
x=824
y=176
x=822
y=178
x=813
y=187
x=819
y=181
x=822
y=178
x=813
y=187
x=818
y=182
x=825
y=175
x=831
y=169
x=822
y=178
x=813
y=187
x=820
y=180
x=825
y=175
x=825
y=175
x=819
y=181
x=821
y=179
x=828
y=172
x=824
y=176
x=817
y=183
x=824
y=176
x=820
y=180
x=816
y=184
x=824
y=176
x=816
y=184
x=819
y=181
x=829
y=171
x=820
y=180
x=818
y=182
x=825
y=175
x=829
y=171
x=819
y=181
x=818
y=182
x=823
y=177
x=829
y=171
x=824
y=176
x=820
y=180
x=825
y=175
x=814
y=186
x=822
y=178
x=832
y=168

------------------------


Simulacion numero 17


Velocidad cinta 0.180000

------------------------
x=776
y=224
x=782
y=218
x=775
y=225
x=772
y=228
x=780
y=220
x=787
y=213
x=780
y=220
x=773
y=227
x=777
y=223
x=776
y=224
x=777
y=223
x=773
y=227
x=775
y=225
x=789
y=211
x=765
y=235
x=787
y=213
x=784
y=216
x=782
y=218
x=778
y=222
x=782
y=218
x=781
y=219
x=769
y=231
x=769
y=231
x=781
y=219
x=779
y=221
x=780
y=220
x=777
y=223
x=779
y=221
x=779
y=221
x=776
y=224
x=776
y=224
x=779
y=221
x=773
y=227
x=786
y=214
x=772
y=228
x=774
y=226
x=781
y=219
x=786
y=214
x=778
y=222
x=767
y=233
x=778
y=222
x=775
y=225
x=775
y=225
x=776
y=224
x=785
y=215
x=767
y=233
x=778
y=222
x=778
y=222
x=778
y=222
x=782
y=218
x=773
y=227
x=772
y=228
x=770
y=230
x=774
y=226
x=778
y=222
x=777
y=223
x=770
y=230
x=783
y=217
x=770
y=230
x=782
y=218
x=766
y=234
x=775
y=225
x=774
y=226
x=779
y=221
x=774
y=226
x=780
y=220
x=782
y=218
x=770
y=230
x=774
y=226
x=777
y=223
x=774
y=226
x=774
y=226
x=776
y=224
x=771
y=229
x=785
y=215
x=781
y=219
x=767
y=233
x=772
y=228
x=772
y=228
x=770
y=230
x=783
y=217
x=777
y=223
x=776
y=224
x=782
y=218
x=770
y=230
x=774
y=226
x=787
y=213
x=791
y=209
x=776
y=224
x=769
y=231
x=777
y=223
x=777
y=223
x=774
y=226
x=783
y=217
x=774
y=226
x=767
y=233
x=776
y=224
x=782
y=218
x=786
y=214
x=782
y=218

------------------------


Simulacion numero 18


Velocidad cinta 0.190000

------------------------
x=738
y=262
x=743
y=257
x=737
y=263
x=737
y=263
x=734
y=266
x=735
y=265
x=733
y=267
x=741
y=259
x=742
y=258
x=726
y=274
x=732
y=268
x=740
y=260
x=737
y=263
x=738
y=262
x=734
y=266
x=739
y=261
x=738
y=262
x=745
y=255
x=732
y=268
x=740
y=260
x=740
y=260
x=731
y=269
x=734
y=266
x=729
y=271
x=734
y=266
x=753
y=247
x=730
y=270
x=729
y=271
x=735
y=265
x=729
y=271
x=740
y=260
x=728
y=272
x=733
y=267
x=738
y=262
x=737
y=263
x=736
y=264
x=743
y=257
x=738
y=262
x=734
y=266
x=737
y=263
x=738
y=262
x=738
y=262
x=733
y=267
x=735
y=265
x=738
y=262
x=740
y=260
x=737
y=263
x=737
y=263
x=740
y=260
x=738
y=262
x=733
y=267
x=733
y=267
x=746
y=254
x=738
y=262
x=739
y=261
x=741
y=259
x=732
y=268
x=721
y=279
x=729
y=271
x=737
y=263
x=734
y=266
x=731
y=269
x=743
y=257
x=725
y=275
x=744
y=256
x=730
y=270
x=731
y=269
x=734
y=266
x=731
y=269
x=743
y=257
x=743
y=257
x=732
y=268
x=736
y=264
x=729
y=271
x=739
y=261
x=746
y=254
x=742
y=258
x=736
y=264
x=733
y=267
x=732
y=268
x=733
y=267
x=745
y=255
x=731
y=269
x=738
y=262
x=737
y=263
x=728
y=272
x=737
y=263
x=739
y=261
x=735
y=265
x=729
y=271
x=743
y=257
x=741
y=259
x=726
y=274
x=734
y=266
x=732
y=268
x=737
y=263
x=736
y=264
x=733
y=267
x=743
y=257
x=734
y=266

------------------------


Simulacion numero 19


Velocidad cinta 0.200000

------------------------
x=701
y=299
x=698
y=302
x=699
y=301
x=708
y=292
x=707
y=293
x=698
y=302
x=691
y=309
x=697
y=303
x=701
y=299
x=704
y=296
x=696
y=304
x=694
y=306
x=706
y=294
x=697
y=303
x=701
y=299
x=708
y=292
x=691
y=309
x=707
y=293
x=697
y=303
x=696
y=304
x=706
y=294
x=691
y=309
x=695
y=305
x=699
y=301
x=701
y=299
x=708
y=292
x=711
y=289
x=698
y=302
x=697
y=303
x=705
y=295
x=708
y=292
x=701
y=299
x=702
y=298
x=692
y=308
x=695
y=305
x=699
y=301
x=692
y=308
x=710
y=290
x=708
y=292
x=701
y=299
x=701
y=299
x=702
y=298
x=695
y=305
x=712
y=288
x=697
y=303
x=705
y=295
x=705
y=295
x=700
y=300
x=701
y=299
x=701
y=299
x=704
y=296
x=696
y=304
x=704
y=296
x=710
y=290
x=710
y=290
x=700
y=300
x=690
y=310
x=696
y=304
x=699
y=301
x=696
y=304
x=697
y=303
x=697
y=303
x=698
y=302
x=709
y=291
x=689
y=311
x=705
y=295
x=706
y=294
x=698
y=302
x=697
y=303
x=690
y=310
x=695
y=305
x=692
y=308
x=694
y=306
x=695
y=305
x=699
y=301
x=698
y=302
x=693
y=307
x=700
y=300
x=703
y=297
x=700
y=300
x=698
y=302
x=705
y=295
x=701
y=299
x=698
y=302
x=692
y=308
x=708
y=292
x=697
y=303
x=695
y=305
x=699
y=301
x=706
y=294
x=702
y=298
x=703
y=297
x=690
y=310
x=699
y=301
x=697
y=303
x=690
y=310
x=697
y=303
x=704
y=296
x=706
y=294
x=709
y=291

------------------------


Simulacion numero 20


Velocidad cinta 0.210000

------------------------
x=672
y=328
x=664
y=336
x=661
y=339
x=677
y=323
x=673
y=327
x=664
y=336
x=662
y=338
x=661
y=339
x=659
y=341
x=679
y=321
x=668
y=332
x=669
y=331
x=668
y=332
x=670
y=330
x=661
y=339
x=664
y=336
x=673
y=327
x=658
y=342
x=667
y=333
x=664
y=336
x=670
y=330
x=673
y=327
x=661
y=339
x=668
y=332
x=670
y=330
x=670
y=330
x=665
y=335
x=662
y=338
x=668
y=332
x=664
y=336
x=670
y=330
x=669
y=331
x=657
y=343
x=668
y=332
x=671
y=329
x=669
y=331
x=664
y=336
x=659
y=341
x=679
y=321
x=680
y=320
x=673
y=327
x=668
y=332
x=659
y=341
x=670
y=330
x=672
y=328
x=668
y=332
x=669
y=331
x=666
y=334
x=660
y=340
x=669
y=331
x=663
y=337
x=665
y=335
x=662
y=338
x=675
y=325
x=659
y=341
x=676
y=324
x=668
y=332
x=666
y=334
x=668
y=332
x=670
y=330
x=664
y=336
x=665
y=335
x=665
y=335
x=653
y=347
x=666
y=334
x=661
y=339
x=669
y=331
x=668
y=332
x=668
y=332
x=664
y=336
x=669
y=331
x=663
y=337
x=670
y=330
x=669
y=331
x=667
y=333
x=672
y=328
x=670
y=330
x=663
y=337
x=675
y=325
x=669
y=331
x=668
y=332
x=671
y=329
x=676
y=324
x=669
y=331
x=675
y=325
x=666
y=334
x=664
y=336
x=673
y=327
x=674
y=326
x=668
y=332
x=667
y=333
x=672
y=328
x=670
y=330
x=672
y=328
x=669
y=331
x=673
y=327
x=664
y=336
x=664
y=336
x=667
y=333
x=666
y=334

------------------------


Simulacion numero 21


Velocidad cinta 0.220000

------------------------
x=628
y=372
x=638
y=362
x=633
y=367
x=630
y=370
x=636
y=364
x=652
y=348
x=640
y=360
x=639
y=361
x=638
y=362
x=633
y=367
x=635
y=365
x=635
y=365
x=637
y=363
x=636
y=364
x=642
y=358
x=631
y=369
x=636
y=364
x=643
y=357
x=633
y=367
x=650
y=350
x=639
y=361
x=640
y=360
x=628
y=372
x=631
y=369
x=640
y=360
x=636
y=364
x=636
y=364
x=634
y=366
x=638
y=362
x=631
y=369
x=641
y=359
x=634
y=366
x=634
y=366
x=640
y=360
x=640
y=360
x=629
y=371
x=634
y=366
x=635
y=365
x=635
y=365
x=637
y=363
x=636
y=364
x=634
y=366
x=635
y=365
x=631
y=369
x=633
y=367
x=629
y=371
x=634
y=366
x=637
y=363
x=637
y=363
x=638
y=362
x=643
y=357
x=643
y=357
x=636
y=364
x=646
y=354
x=642
y=358
x=634
y=366
x=636
y=364
x=633
y=367
x=635
y=365
x=640
y=360
x=644
y=356
x=637
y=363
x=637
y=363
x=628
y=372
x=636
y=364
x=644
y=356
x=642
y=358
x=637
y=363
x=632
y=368
x=636
y=364
x=645
y=355
x=639
y=361
x=642
y=358
x=636
y=364
x=636
y=364
x=638
y=362
x=646
y=354
x=640
y=360
x=645
y=355
x=641
y=359
x=639
y=361
x=631
y=369
x=630
y=370
x=638
y=362
x=635
y=365
x=633
y=367
x=647
y=353
x=637
y=363
x=638
y=362
x=634
y=366
x=628
y=372
x=633
y=367
x=636
y=364
x=639
y=361
x=644
y=356
x=639
y=361
x=634
y=366
x=628
y=372
x=639
y=361
x=633
y=367

------------------------


Simulacion numero 22


Velocidad cinta 0.230000

------------------------
x=607
y=393
x=610
y=390
x=611
y=389
x=613
y=387
x=617
y=383
x=614
y=386
x=610
y=390
x=611
y=389
x=611
y=389
x=611
y=389
x=608
y=392
x=603
y=397
x=609
y=391
x=609
y=391
x=609
y=391
x=608
y=392
x=614
y=386
x=601
y=399
x=602
y=398
x=611
y=389
x=617
y=383
x=600
y=400
x=612
y=388
x=605
y=395
x=604
y=396
x=615
y=385
x=611
y=389
x=600
y=400
x=606
y=394
x=613
y=387
x=605
y=395
x=609
y=391
x=601
y=399
x=617
y=383
x=617
y=383
x=605
y=395
x=617
y=383
x=607
y=393
x=601
y=399
x=606
y=394
x=607
y=393
x=603
y=397
x=599
y=401
x=609
y=391
x=613
y=387
x=611
y=389
x=608
y=392
x=607
y=393
x=609
y=391
x=617
y=383
x=602
y=398
x=608
y=392
x=607
y=393
x=609
y=391
x=613
y=387
x=613
y=387
x=612
y=388
x=616
y=384
x=611
y=389
x=617
y=383
x=616
y=384
x=607
y=393
x=613
y=387
x=611
y=389
x=612
y=388
x=605
y=395
x=613
y=387
x=606
y=394
x=612
y=388
x=613
y=387
x=617
y=383
x=610
y=390
x=622
y=378
x=609
y=391
x=610
y=390
x=604
y=396
x=607
y=393
x=608
y=392
x=605
y=395
x=610
y=390
x=609
y=391
x=609
y=391
x=609
y=391
x=608
y=392
x=608
y=392
x=615
y=385
x=609
y=391
x=613
y=387
x=599
y=401
x=605
y=395
x=605
y=395
x=616
y=384
x=612
y=388
x=613
y=387
x=607
y=393
x=608
y=392
x=609
y=391
x=615
y=385
x=610
y=390
x=611
y=389

------------------------


Simulacion numero 23


Velocidad cinta 0.240000

------------------------
x=578
y=422
x=583
y=417
x=581
y=419
x=581
y=419
x=574
y=426
x=588
y=412
x=576
y=424
x=581
y=419
x=584
y=416
x=590
y=410
x=576
y=424
x=591
y=409
x=583
y=417
x=578
y=422
x=583
y=417
x=583
y=417
x=583
y=417
x=578
y=422
x=579
y=421
x=584
y=416
x=585
y=415
x=582
y=418
x=581
y=419
x=582
y=418
x=583
y=417
x=579
y=421
x=579
y=421
x=579
y=421
x=588
y=412
x=588
y=412
x=584
y=416
x=589
y=411
x=579
y=421
x=582
y=418
x=582
y=418
x=585
y=415
x=586
y=414
x=583
y=417
x=588
y=412
x=577
y=423
x=588
y=412
x=594
y=406
x=581
y=419
x=586
y=414
x=582
y=418
x=589
y=411
x=578
y=422
x=582
y=418
x=584
y=416
x=580
y=420
x=584
y=416
x=581
y=419
x=588
y=412
x=578
y=422
x=579
y=421
x=595
y=405
x=587
y=413
x=588
y=412
x=590
y=410
x=578
y=422
x=573
y=427
x=593
y=407
x=582
y=418
x=589
y=411
x=580
y=420
x=579
y=421
x=589
y=411
x=585
y=415
x=589
y=411
x=574
y=426
x=585
y=415
x=594
y=406
x=589
y=411
x=575
y=425
x=586
y=414
x=583
y=417
x=580
y=420
x=587
y=413
x=589
y=411
x=578
y=422
x=583
y=417
x=576
y=424
x=589
y=411
x=579
y=421
x=591
y=409
x=579
y=421
x=579
y=421
x=592
y=408
x=584
y=416
x=582
y=418
x=585
y=415
x=582
y=418
x=584
y=416
x=587
y=413
x=586
y=414
x=587
y=413
x=582
y=418
x=590
y=410
x=578
y=422
x=577
y=423

------------------------


Simulacion numero 24


Velocidad cinta 0.250000

------------------------
x=551
y=449
x=563
y=437
x=555
y=445
x=563
y=437
x=556
y=444
x=559
y=441
x=563
y=437
x=564
y=436
x=564
y=436
x=558
y=442
x=569
y=431
x=559
y=441
x=554
y=446
x=561
y=439
x=563
y=437
x=565
y=435
x=562
y=438
x=560
y=440
x=562
y=438
x=563
y=437
x=554
y=446
x=560
y=440
x=566
y=434
x=560
y=440
x=559
y=441
x=554
y=446
x=564
y=436
x=557
y=443
x=549
y=451
x=560
y=440
x=568
y=432
x=563
y=437
x=565
y=435
x=559
y=441
x=560
y=440
x=560
y=440
x=563
y=437
x=569
y=431
x=565
y=435
x=558
y=442
x=559
y=441
x=569
y=431
x=559
y=441
x=556
y=444
x=560
y=440
x=557
y=443
x=552
y=448
x=554
y=446
x=558
y=442
x=558
y=442
x=568
y=432
x=567
y=433
x=559
y=441
x=561
y=439
x=552
y=448
x=567
y=433
x=561
y=439
x=565
y=435
x=559
y=441
x=568
y=432
x=561
y=439
x=565
y=435
x=563
y=437
x=556
y=444
x=555
y=445
x=556
y=444
x=559
y=441
x=567
y=433
x=565
y=435
x=563
y=437
x=558
y=442
x=564
y=436
x=559
y=441
x=561
y=439
x=573
y=427
x=562
y=438
x=558
y=442
x=552
y=448
x=561
y=439
x=558
y=442
x=558
y=442
x=562
y=438
x=558
y=442
x=562
y=438
x=559
y=441
x=562
y=438
x=561
y=439
x=568
y=432
x=565
y=435
x=559
y=441
x=554
y=446
x=562
y=438
x=563
y=437
x=561
y=439
x=551
y=449
x=557
y=443
x=561
y=439
x=554
y=446
x=568
y=432
x=553
y=447

------------------------


Simulacion numero 25


Velocidad cinta 0.260000

------------------------
x=544
y=456
x=538
y=462
x=541
y=459
x=541
y=459
x=546
y=454
x=538
y=462
x=538
y=462
x=533
y=467
x=532
y=468
x=540
y=460
x=541
y=459
x=535
y=465
x=540
y=460
x=551
y=449
x=537
y=463
x=538
y=462
x=533
y=467
x=545
y=455
x=544
y=456
x=538
y=462
x=540
y=460
x=541
y=459
x=544
y=456
x=542
y=458
x=545
y=455
x=532
y=468
x=534
y=466
x=531
y=469
x=540
y=460
x=537
y=463
x=540
y=460
x=541
y=459
x=540
y=460
x=540
y=460
x=532
y=468
x=537
y=463
x=536
y=464
x=540
y=460
x=535
y=465
x=538
y=462
x=541
y=459
x=545
y=455
x=539
y=461
x=543
y=457
x=535
y=465
x=537
y=463
x=541
y=459
x=539
y=461
x=542
y=458
x=544
y=456
x=533
y=467
x=537
y=463
x=540
y=460
x=544
y=456
x=535
y=465
x=536
y=464
x=543
y=457
x=539
y=461
x=542
y=458
x=541
y=459
x=535
y=465
x=543
y=457
x=527
y=473
x=541
y=459
x=534
y=466
x=543
y=457
x=536
y=464
x=547
y=453
x=544
y=456
x=535
y=465
x=546
y=454
x=535
y=465
x=544
y=456
x=536
y=464
x=547
y=453
x=533
y=467
x=536
y=464
x=542
y=458
x=540
y=460
x=535
y=465
x=539
y=461
x=536
y=464
x=540
y=460
x=536
y=464
x=542
y=458
x=542
y=458
x=535
y=465
x=536
y=464
x=541
y=459
x=544
y=456
x=538
y=462
x=534
y=466
x=549
y=451
x=540
y=460
x=538
y=462
x=534
y=466
x=529
y=471
x=536
y=464
x=539
y=461
x=536
y=464

------------------------


Simulacion numero 26


Velocidad cinta 0.270000

------------------------
x=524
y=476
x=521
y=479
x=513
y=487
x=521
y=479
x=523
y=477
x=517
y=483
x=515
y=485
x=515
y=485
x=519
y=481
x=515
y=485
x=519
y=481
x=525
y=475
x=522
y=478
x=520
y=480
x=518
y=482
x=515
y=485
x=520
y=480
x=521
y=479
x=516
y=484
x=523
y=477
x=519
y=481
x=512
y=488
x=526
y=474
x=520
y=480
x=518
y=482
x=521
y=479
x=519
y=481
x=525
y=475
x=508
y=492
x=516
y=484
x=528
y=472
x=518
y=482
x=515
y=485
x=514
y=486
x=517
y=483
x=510
y=490
x=529
y=471
x=515
y=485
x=517
y=483
x=518
y=482
x=513
y=487
x=514
y=486
x=512
y=488
x=515
y=485
x=518
y=482
x=524
y=476
x=516
y=484
x=520
y=480
x=517
y=483
x=519
y=481
x=522
y=478
x=508
y=492
x=514
y=486
x=511
y=489
x=522
y=478
x=525
y=475
x=512
y=488
x=514
y=486
x=519
y=481
x=514
y=486
x=513
y=487
x=522
y=478
x=515
y=485
x=521
y=479
x=519
y=481
x=519
y=481
x=510
y=490
x=519
y=481
x=524
y=476
x=522
y=478
x=523
y=477
x=524
y=476
x=514
y=486
x=520
y=480
x=520
y=480
x=522
y=478
x=525
y=475
x=520
y=480
x=515
y=485
x=518
y=482
x=518
y=482
x=517
y=483
x=516
y=484
x=527
y=473
x=518
y=482
x=523
y=477
x=514
y=486
x=521
y=479
x=523
y=477
x=516
y=484
x=521
y=479
x=517
y=483
x=516
y=484
x=515
y=485
x=521
y=479
x=527
y=473
x=521
y=479
x=516
y=484
x=524
y=476
x=524
y=476

------------------------


Simulacion numero 27


Velocidad cinta 0.280000

------------------------
x=500
y=500
x=499
y=501
x=503
y=497
x=499
y=501
x=498
y=502
x=497
y=503
x=501
y=499
x=505
y=495
x=498
y=502
x=503
y=497
x=499
y=501
x=498
y=502
x=501
y=499
x=496
y=504
x=496
y=504
x=502
y=498
x=498
y=502
x=496
y=504
x=503
y=497
x=493
y=507
x=499
y=501
x=496
y=504
x=507
y=493
x=503
y=497
x=508
y=492
x=497
y=503
x=505
y=495
x=501
y=499
x=509
y=491
x=505
y=495
x=504
y=496
x=494
y=506
x=502
y=498
x=500
y=500
x=493
y=507
x=504
y=496
x=492
y=508
x=499
y=501
x=501
y=499
x=498
y=502
x=505
y=495
x=501
y=499
x=498
y=502
x=508
y=492
x=506
y=494
x=504
y=496
x=502
y=498
x=509
y=491
x=507
y=493
x=502
y=498
x=496
y=504
x=499
y=501
x=501
y=499
x=499
y=501
x=501
y=499
x=499
y=501
x=497
y=503
x=502
y=498
x=502
y=498
x=494
y=506
x=499
y=501
x=501
y=499
x=499
y=501
x=498
y=502
x=497
y=503
x=502
y=498
x=503
y=497
x=506
y=494
x=499
y=501
x=495
y=505
x=496
y=504
x=502
y=498
x=508
y=492
x=496
y=504
x=483
y=517
x=503
y=497
x=489
y=511
x=495
y=505
x=497
y=503
x=505
y=495
x=507
y=493
x=500
y=500
x=499
y=501
x=496
y=504
x=499
y=501
x=496
y=504
x=495
y=505
x=501
y=499
x=500
y=500
x=504
y=496
x=494
y=506
x=498
y=502
x=496
y=504
x=493
y=507
x=502
y=498
x=498
y=502
x=506
y=494
x=491
y=509
x=506
y=494
x=493
y=507

------------------------


Simulacion numero 28


Velocidad cinta 0.290000

------------------------
x=482
y=518
x=488
y=512
x=483
y=517
x=480
y=520
x=485
y=515
x=485
y=515
x=489
y=511
x=481
y=519
x=484
y=516
x=478
y=522
x=484
y=516
x=488
y=512
x=476
y=524
x=482
y=518
x=479
y=521
x=485
y=515
x=485
y=515
x=484
y=516
x=481
y=519
x=491
y=509
x=492
y=508
x=479
y=521
x=480
y=520
x=483
y=517
x=482
y=518
x=478
y=522
x=481
y=519
x=483
y=517
x=482
y=518
x=483
y=517
x=486
y=514
x=486
y=514
x=488
y=512
x=486
y=514
x=481
y=519
x=487
y=513
x=478
y=522
x=480
y=520
x=481
y=519
x=487
y=513
x=486
y=514
x=480
y=520
x=483
y=517
x=482
y=518
x=489
y=511
x=495
y=505
x=487
y=513
x=484
y=516
x=480
y=520
x=489
y=511
x=486
y=514
x=489
y=511
x=482
y=518
x=481
y=519
x=485
y=515
x=490
y=510
x=482
y=518
x=484
y=516
x=484
y=516
x=484
y=516
x=467
y=533
x=474
y=526
x=489
y=511
x=486
y=514
x=481
y=519
x=486
y=514
x=489
y=511
x=480
y=520
x=479
y=521
x=488
y=512
x=485
y=515
x=477
y=523
x=485
y=515
x=486
y=514
x=479
y=521
x=477
y=523
x=481
y=519
x=483
y=517
x=494
y=506
x=486
y=514
x=483
y=517
x=491
y=509
x=483
y=517
x=484
y=516
x=474
y=526
x=489
y=511
x=479
y=521
x=486
y=514
x=486
y=514
x=478
y=522
x=479
y=521
x=488
y=512
x=481
y=519
x=491
y=509
x=480
y=520
x=480
y=520
x=474
y=526
x=480
y=520
x=486
y=514
x=488
y=512

------------------------


Simulacion numero 29


Velocidad cinta 0.300000

------------------------
x=470
y=530
x=470
y=530
x=461
y=539
x=467
y=533
x=471
y=529
x=474
y=526
x=460
y=540
x=464
y=536
x=465
y=535
x=469
y=531
x=461
y=539
x=469
y=531
x=471
y=529
x=473
y=527
x=473
y=527
x=462
y=538
x=465
y=535
x=464
y=536
x=459
y=541
x=465
y=535
x=468
y=532
x=467
y=533
x=462
y=538
x=465
y=535
x=472
y=528
x=466
y=534
x=460
y=540
x=467
y=533
x=468
y=532
x=477
y=523
x=467
y=533
x=465
y=535
x=474
y=526
x=471
y=529
x=467
y=533
x=464
y=536
x=470
y=530
x=467
y=533
x=469
y=531
x=465
y=535
x=474
y=526
x=461
y=539
x=464
y=536
x=468
y=532
x=463
y=537
x=463
y=537
x=483
y=517
x=466
y=534
x=474
y=526
x=472
y=528
x=468
y=532
x=473
y=527
x=468
y=532
x=458
y=542
x=462
y=538
x=463
y=537
x=467
y=533
x=469
y=531
x=464
y=536
x=464
y=536
x=459
y=541
x=470
y=530
x=464
y=536
x=469
y=531
x=468
y=532
x=459
y=541
x=464
y=536
x=468
y=532
x=466
y=534
x=466
y=534
x=473
y=527
x=462
y=538
x=466
y=534
x=472
y=528
x=467
y=533
x=469
y=531
x=472
y=528
x=469
y=531
x=466
y=534
x=467
y=533
x=466
y=534
x=465
y=535
x=468
y=532
x=466
y=534
x=469
y=531
x=469
y=531
x=464
y=536
x=470
y=530
x=464
y=536
x=462
y=538
x=463
y=537
x=466
y=534
x=469
y=531
x=479
y=521
x=464
y=536
x=465
y=535
x=469
y=531
x=464
y=536
x=469
y=531
x=465
y=535

------------------------


Simulacion numero 30


Velocidad cinta 0.310000

------------------------
x=451
y=549
x=446
y=554
x=450
y=550
x=465
y=535
x=455
y=545
x=455
y=545
x=454
y=546
x=451
y=549
x=441
y=559
x=454
y=546
x=455
y=545
x=457
y=543
x=452
y=548
x=451
y=549
x=454
y=546
x=457
y=543
x=449
y=551
x=452
y=548
x=448
y=552
x=448
y=552
x=448
y=552
x=451
y=549
x=449
y=551
x=448
y=552
x=452
y=548
x=455
y=545
x=452
y=548
x=457
y=543
x=452
y=548
x=447
y=553
x=453
y=547
x=453
y=547
x=447
y=553
x=459
y=541
x=455
y=545
x=451
y=549
x=448
y=552
x=451
y=549
x=453
y=547
x=454
y=546
x=448
y=552
x=453
y=547
x=449
y=551
x=449
y=551
x=457
y=543
x=451
y=549
x=458
y=542
x=449
y=551
x=453
y=547
x=454
y=546
x=450
y=550
x=455
y=545
x=453
y=547
x=449
y=551
x=451
y=549
x=454
y=546
x=454
y=546
x=454
y=546
x=453
y=547
x=462
y=538
x=455
y=545
x=453
y=547
x=454
y=546
x=450
y=550
x=452
y=548
x=452
y=548
x=455
y=545
x=446
y=554
x=455
y=545
x=459
y=541
x=451
y=549
x=445
y=555
x=455
y=545
x=443
y=557
x=453
y=547
x=455
y=545
x=453
y=547
x=448
y=552
x=450
y=550
x=450
y=550
x=448
y=552
x=457
y=543
x=450
y=550
x=449
y=551
x=451
y=549
x=446
y=554
x=451
y=549
x=450
y=550
x=454
y=546
x=455
y=545
x=452
y=548
x=453
y=547
x=455
y=545
x=456
y=544
x=457
y=543
x=456
y=544
x=446
y=554
x=458
y=542
x=441
y=559
x=454
y=546

------------------------


Simulacion numero 31


Velocidad cinta 0.320000

------------------------
x=439
y=561
x=436
y=564
x=435
y=565
x=435
y=565
x=442
y=558
x=437
y=563
x=439
y=561
x=432
y=568
x=437
y=563
x=442
y=558
x=441
y=559
x=439
y=561
x=438
y=562
x=445
y=555
x=441
y=559
x=442
y=558
x=435
y=565
x=438
y=562
x=433
y=567
x=431
y=569
x=440
y=560
x=438
y=562
x=446
y=554
x=440
y=560
x=441
y=559
x=438
y=562
x=432
y=568
x=439
y=561
x=432
y=568
x=445
y=555
x=433
y=567
x=435
y=565
x=438
y=562
x=441
y=559
x=441
y=559
x=440
y=560
x=434
y=566
x=441
y=559
x=430
y=570
x=441
y=559
x=443
y=557
x=436
y=564
x=438
y=562
x=433
y=567
x=434
y=566
x=441
y=559
x=438
y=562
x=430
y=570
x=445
y=555
x=433
y=567
x=434
y=566
x=438
y=562
x=443
y=557
x=439
y=561
x=445
y=555
x=445
y=555
x=436
y=564
x=443
y=557
x=436
y=564
x=441
y=559
x=441
y=559
x=443
y=557
x=437
y=563
x=432
y=568
x=437
y=563
x=444
y=556
x=448
y=552
x=441
y=559
x=444
y=556
x=440
y=560
x=441
y=559
x=433
y=567
x=437
y=563
x=431
y=569
x=438
y=562
x=441
y=559
x=436
y=564
x=445
y=555
x=436
y=564
x=436
y=564
x=437
y=563
x=437
y=563
x=441
y=559
x=438
y=562
x=443
y=557
x=441
y=559
x=437
y=563
x=440
y=560
x=432
y=568
x=437
y=563
x=432
y=568
x=442
y=558
x=439
y=561
x=437
y=563
x=444
y=556
x=437
y=563
x=431
y=569
x=433
y=567
x=437
y=563
x=440
y=560

------------------------


Simulacion numero 32


Velocidad cinta 0.330000

------------------------
x=425
y=575
x=417
y=583
x=423
y=577
x=420
y=580
x=436
y=564
x=419
y=581
x=422
y=578
x=426
y=574
x=429
y=571
x=425
y=575
x=425
y=575
x=423
y=577
x=425
y=575
x=425
y=575
x=425
y=575
x=429
y=571
x=430
y=570
x=421
y=579
x=426
y=574
x=423
y=577
x=426
y=574
x=420
y=580
x=431
y=569
x=423
y=577
x=421
y=579
x=425
y=575
x=430
y=570
x=427
y=573
x=420
y=580
x=432
y=568
x=418
y=582
x=424
y=576
x=423
y=577
x=422
y=578
x=429
y=571
x=434
y=566
x=435
y=565
x=427
y=573
x=427
y=573
x=425
y=575
x=419
y=581
x=432
y=568
x=427
y=573
x=417
y=583
x=428
y=572
x=426
y=574
x=422
y=578
x=423
y=577
x=417
y=583
x=429
y=571
x=421
y=579
x=435
y=565
x=427
y=573
x=428
y=572
x=419
y=581
x=428
y=572
x=425
y=575
x=425
y=575
x=424
y=576
x=421
y=579
x=427
y=573
x=428
y=572
x=416
y=584
x=423
y=577
x=423
y=577
x=425
y=575
x=423
y=577
x=425
y=575
x=422
y=578
x=422
y=578
x=431
y=569
x=425
y=575
x=418
y=582
x=421
y=579
x=421
y=579
x=427
y=573
x=415
y=585
x=425
y=575
x=425
y=575
x=423
y=577
x=426
y=574
x=423
y=577
x=419
y=581
x=429
y=571
x=426
y=574
x=423
y=577
x=426
y=574
x=427
y=573
x=426
y=574
x=424
y=576
x=428
y=572
x=422
y=578
x=420
y=580
x=426
y=574
x=425
y=575
x=427
y=573
x=417
y=583
x=423
y=577
x=425
y=575
x=428
y=572

------------------------


Simulacion numero 33


Velocidad cinta 0.340000

------------------------
x=401
y=599
x=413
y=587
x=419
y=581
x=412
y=588
x=406
y=594
x=410
y=590
x=418
y=582
x=415
y=585
x=410
y=590
x=410
y=590
x=415
y=585
x=410
y=590
x=416
y=584
x=411
y=589
x=410
y=590
x=409
y=591
x=410
y=590
x=415
y=585
x=413
y=587
x=414
y=586
x=415
y=585
x=417
y=583
x=419
y=581
x=414
y=586
x=414
y=586
x=406
y=594
x=416
y=584
x=416
y=584
x=408
y=592
x=419
y=581
x=410
y=590
x=412
y=588
x=414
y=586
x=414
y=586
x=415
y=585
x=411
y=589
x=409
y=591
x=411
y=589
x=404
y=596
x=417
y=583
x=416
y=584
x=413
y=587
x=415
y=585
x=415
y=585
x=418
y=582
x=408
y=592
x=419
y=581
x=415
y=585
x=410
y=590
x=416
y=584
x=410
y=590
x=420
y=580
x=414
y=586
x=411
y=589
x=422
y=578
x=416
y=584
x=418
y=582
x=415
y=585
x=415
y=585
x=402
y=598
x=412
y=588
x=413
y=587
x=411
y=589
x=413
y=587
x=423
y=577
x=411
y=589
x=410
y=590
x=415
y=585
x=416
y=584
x=413
y=587
x=412
y=588
x=414
y=586
x=413
y=587
x=406
y=594
x=411
y=589
x=415
y=585
x=409
y=591
x=415
y=585
x=411
y=589
x=410
y=590
x=408
y=592
x=414
y=586
x=413
y=587
x=414
y=586
x=410
y=590
x=414
y=586
x=415
y=585
x=416
y=584
x=414
y=586
x=415
y=585
x=411
y=589
x=413
y=587
x=409
y=591
x=407
y=593
x=408
y=592
x=419
y=581
x=415
y=585
x=412
y=588
x=415
y=585
x=409
y=591

------------------------


Simulacion numero 34


Velocidad cinta 0.350000

------------------------
x=400
y=600
x=397
y=603
x=396
y=604
x=404
y=596
x=396
y=604
x=397
y=603
x=404
y=596
x=397
y=603
x=404
y=596
x=404
y=596
x=405
y=595
x=400
y=600
x=395
y=605
x=401
y=599
x=397
y=603
x=405
y=595
x=398
y=602
x=405
y=595
x=401
y=599
x=402
y=598
x=403
y=597
x=407
y=593
x=399
y=601
x=402
y=598
x=406
y=594
x=396
y=604
x=392
y=608
x=398
y=602
x=405
y=595
x=400
y=600
x=403
y=597
x=400
y=600
x=406
y=594
x=400
y=600
x=399
y=601
x=396
y=604
x=386
y=614
x=407
y=593
x=401
y=599
x=398
y=602
x=402
y=598
x=401
y=599
x=397
y=603
x=398
y=602
x=393
y=607
x=401
y=599
x=404
y=596
x=409
y=591
x=394
y=606
x=396
y=604
x=400
y=600
x=399
y=601
x=405
y=595
x=407
y=593
x=402
y=598
x=404
y=596
x=398
y=602
x=396
y=604
x=403
y=597
x=399
y=601
x=395
y=605
x=400
y=600
x=403
y=597
x=404
y=596
x=397
y=603
x=406
y=594
x=406
y=594
x=399
y=601
x=400
y=600
x=400
y=600
x=395
y=605
x=400
y=600
x=395
y=605
x=403
y=597
x=402
y=598
x=401
y=599
x=402
y=598
x=398
y=602
x=406
y=594
x=400
y=600
x=398
y=602
x=396
y=604
x=399
y=601
x=399
y=601
x=402
y=598
x=404
y=596
x=395
y=605
x=398
y=602
x=399
y=601
x=392
y=608
x=403
y=597
x=399
y=601
x=394
y=606
x=403
y=597
x=395
y=605
x=402
y=598
x=397
y=603
x=403
y=597
x=401
y=599
x=408
y=592

------------------------


Simulacion numero 35


Velocidad cinta 0.360000

------------------------
x=392
y=608
x=390
y=610
x=389
y=611
x=386
y=614
x=386
y=614
x=391
y=609
x=388
y=612
x=388
y=612
x=393
y=607
x=386
y=614
x=383
y=617
x=390
y=610
x=378
y=622
x=393
y=607
x=395
y=605
x=393
y=607
x=385
y=615
x=393
y=607
x=389
y=611
x=394
y=606
x=387
y=613
x=382
y=618
x=388
y=612
x=391
y=609
x=386
y=614
x=392
y=608
x=392
y=608
x=380
y=620
x=395
y=605
x=393
y=607
x=385
y=615
x=394
y=606
x=384
y=616
x=391
y=609
x=388
y=612
x=388
y=612
x=386
y=614
x=387
y=613
x=390
y=610
x=393
y=607
x=395
y=605
x=390
y=610
x=386
y=614
x=391
y=609
x=395
y=605
x=388
y=612
x=390
y=610
x=402
y=598
x=384
y=616
x=384
y=616
x=383
y=617
x=389
y=611
x=385
y=615
x=392
y=608
x=390
y=610
x=387
y=613
x=391
y=609
x=390
y=610
x=383
y=617
x=389
y=611
x=395
y=605
x=388
y=612
x=384
y=616
x=383
y=617
x=396
y=604
x=381
y=619
x=385
y=615
x=389
y=611
x=391
y=609
x=384
y=616
x=383
y=617
x=386
y=614
x=393
y=607
x=387
y=613
x=391
y=609
x=390
y=610
x=385
y=615
x=389
y=611
x=388
y=612
x=384
y=616
x=392
y=608
x=395
y=605
x=388
y=612
x=394
y=606
x=393
y=607
x=391
y=609
x=391
y=609
x=386
y=614
x=393
y=607
x=383
y=617
x=394
y=606
x=387
y=613
x=393
y=607
x=386
y=614
x=387
y=613
x=390
y=610
x=389
y=611
x=385
y=615
x=386
y=614
x=388
y=612

------------------------


Simulacion numero 36


Velocidad cinta 0.370000

------------------------
x=380
y=620
x=379
y=621
x=381
y=619
x=382
y=618
x=379
y=621
x=380
y=620
x=386
y=614
x=383
y=617
x=381
y=619
x=378
y=622
x=379
y=621
x=373
y=627
x=375
y=625
x=375
y=625
x=381
y=619
x=380
y=620
x=377
y=623
x=376
y=624
x=382
y=618
x=379
y=621
x=380
y=620
x=375
y=625
x=378
y=622
x=377
y=623
x=380
y=620
x=373
y=627
x=371
y=629
x=377
y=623
x=384
y=616
x=379
y=621
x=378
y=622
x=378
y=622
x=375
y=625
x=376
y=624
x=377
y=623
x=380
y=620
x=378
y=622
x=378
y=622
x=376
y=624
x=379
y=621
x=380
y=620
x=384
y=616
x=375
y=625
x=382
y=618
x=378
y=622
x=386
y=614
x=377
y=623
x=384
y=616
x=382
y=618
x=376
y=624
x=381
y=619
x=380
y=620
x=378
y=622
x=377
y=623
x=379
y=621
x=378
y=622
x=381
y=619
x=387
y=613
x=381
y=619
x=375
y=625
x=372
y=628
x=376
y=624
x=373
y=627
x=382
y=618
x=381
y=619
x=375
y=625
x=374
y=626
x=376
y=624
x=374
y=626
x=380
y=620
x=378
y=622
x=374
y=626
x=376
y=624
x=379
y=621
x=379
y=621
x=385
y=615
x=382
y=618
x=377
y=623
x=375
y=625
x=372
y=628
x=375
y=625
x=377
y=623
x=375
y=625
x=381
y=619
x=379
y=621
x=380
y=620
x=378
y=622
x=380
y=620
x=385
y=615
x=379
y=621
x=379
y=621
x=380
y=620
x=380
y=620
x=381
y=619
x=384
y=616
x=378
y=622
x=374
y=626
x=379
y=621
x=382
y=618
x=380
y=620

------------------------


Simulacion numero 37


Velocidad cinta 0.380000

------------------------
x=372
y=628
x=366
y=634
x=372
y=628
x=370
y=630
x=367
y=633
x=367
y=633
x=371
y=629
x=368
y=632
x=371
y=629
x=369
y=631
x=364
y=636
x=374
y=626
x=362
y=638
x=370
y=630
x=369
y=631
x=374
y=626
x=372
y=628
x=366
y=634
x=377
y=623
x=370
y=630
x=365
y=635
x=368
y=632
x=369
y=631
x=370
y=630
x=372
y=628
x=371
y=629
x=371
y=629
x=361
y=639
x=371
y=629
x=363
y=637
x=372
y=628
x=369
y=631
x=370
y=630
x=370
y=630
x=370
y=630
x=373
y=627
x=370
y=630
x=369
y=631
x=375
y=625
x=371
y=629
x=369
y=631
x=367
y=633
x=375
y=625
x=371
y=629
x=368
y=632
x=369
y=631
x=374
y=626
x=370
y=630
x=370
y=630
x=376
y=624
x=373
y=627
x=368
y=632
x=365
y=635
x=367
y=633
x=367
y=633
x=368
y=632
x=366
y=634
x=371
y=629
x=364
y=636
x=371
y=629
x=374
y=626
x=373
y=627
x=365
y=635
x=371
y=629
x=374
y=626
x=375
y=625
x=368
y=632
x=365
y=635
x=360
y=640
x=369
y=631
x=369
y=631
x=373
y=627
x=372
y=628
x=368
y=632
x=375
y=625
x=367
y=633
x=374
y=626
x=375
y=625
x=374
y=626
x=372
y=628
x=363
y=637
x=367
y=633
x=364
y=636
x=371
y=629
x=371
y=629
x=367
y=633
x=365
y=635
x=369
y=631
x=371
y=629
x=375
y=625
x=369
y=631
x=370
y=630
x=369
y=631
x=374
y=626
x=374
y=626
x=374
y=626
x=368
y=632
x=364
y=636
x=366
y=634
x=370
y=630

------------------------


Simulacion numero 38


Velocidad cinta 0.390000

------------------------
x=360
y=640
x=358
y=642
x=359
y=641
x=364
y=636
x=358
y=642
x=361
y=639
x=363
y=637
x=351
y=649
x=360
y=640
x=363
y=637
x=365
y=635
x=361
y=639
x=362
y=638
x=358
y=642
x=366
y=634
x=362
y=638
x=367
y=633
x=353
y=647
x=357
y=643
x=366
y=634
x=354
y=646
x=358
y=642
x=367
y=633
x=365
y=635
x=357
y=643
x=354
y=646
x=358
y=642
x=358
y=642
x=357
y=643
x=365
y=635
x=359
y=641
x=352
y=648
x=360
y=640
x=358
y=642
x=364
y=636
x=358
y=642
x=357
y=643
x=360
y=640
x=359
y=641
x=362
y=638
x=360
y=640
x=359
y=641
x=354
y=646
x=363
y=637
x=366
y=634
x=357
y=643
x=357
y=643
x=358
y=642
x=361
y=639
x=355
y=645
x=359
y=641
x=356
y=644
x=365
y=635
x=360
y=640
x=361
y=639
x=362
y=638
x=362
y=638
x=362
y=638
x=356
y=644
x=356
y=644
x=364
y=636
x=361
y=639
x=359
y=641
x=354
y=646
x=359
y=641
x=362
y=638
x=362
y=638
x=359
y=641
x=362
y=638
x=362
y=638
x=362
y=638
x=357
y=643
x=360
y=640
x=356
y=644
x=359
y=641
x=359
y=641
x=354
y=646
x=356
y=644
x=365
y=635
x=364
y=636
x=361
y=639
x=350
y=650
x=364
y=636
x=358
y=642
x=356
y=644
x=357
y=643
x=357
y=643
x=355
y=645
x=358
y=642
x=361
y=639
x=359
y=641
x=354
y=646
x=366
y=634
x=359
y=641
x=351
y=649
x=361
y=639
x=362
y=638
x=363
y=637
x=360
y=640
x=357
y=643

------------------------


Simulacion numero 39


Velocidad cinta 0.400000

------------------------
x=357
y=643
x=350
y=650
x=353
y=647
x=351
y=649
x=353
y=647
x=354
y=646
x=345
y=655
x=356
y=644
x=352
y=648
x=355
y=645
x=348
y=652
x=350
y=650
x=351
y=649
x=351
y=649
x=350
y=650
x=345
y=655
x=349
y=651
x=344
y=656
x=351
y=649
x=353
y=647
x=352
y=648
x=348
y=652
x=345
y=655
x=348
y=652
x=348
y=652
x=347
y=653
x=347
y=653
x=352
y=648
x=353
y=647
x=351
y=649
x=342
y=658
x=357
y=643
x=351
y=649
x=350
y=650
x=355
y=645
x=344
y=656
x=351
y=649
x=351
y=649
x=353
y=647
x=351
y=649
x=352
y=648
x=353
y=647
x=356
y=644
x=346
y=654
x=356
y=644
x=357
y=643
x=350
y=650
x=351
y=649
x=349
y=651
x=353
y=647
x=357
y=643
x=350
y=650
x=351
y=649
x=358
y=642
x=351
y=649
x=351
y=649
x=351
y=649
x=345
y=655
x=348
y=652
x=347
y=653
x=350
y=650
x=353
y=647
x=345
y=655
x=355
y=645
x=351
y=649
x=347
y=653
x=351
y=649
x=348
y=652
x=356
y=644
x=349
y=651
x=354
y=646
x=355
y=645
x=355
y=645
x=353
y=647
x=351
y=649
x=350
y=650
x=356
y=644
x=351
y=649
x=357
y=643
x=349
y=651
x=355
y=645
x=349
y=651
x=351
y=649
x=357
y=643
x=349
y=651
x=351
y=649
x=349
y=651
x=347
y=653
x=348
y=652
x=344
y=656
x=346
y=654
x=348
y=652
x=349
y=651
x=349
y=651
x=351
y=649
x=349
y=651
x=351
y=649
x=348
y=652
x=343
y=657
x=350
y=650
