Job-shop model

Number of work stations                    5

Number of machines in each station         3    2    4    3    1

Number of job types                        3

Number of tasks for each job type          4    3    5

Distribution function of job types     0.300   0.800   1.000

Mean interarrival time of jobs          0.10 hours

Length of the simulation               730.0 eight-hour days


Job type     Work stations on route

   1            3    1    2    5

   2            4    1    3

   3            2    5    1    4    3


Job type     Mean service time (in hours) for successive tasks

   1         0.50     0.60     0.85     0.50

   2         1.10     0.80     0.75

   3         1.20     0.25     0.70     0.90     1.00



Job type     Average total delay in queue

   1                   1958.933

   2                   2730.278

   3                   3922.418

Overall average job total delay =  2737.303



 Work      Average number      Average       Average delay
station       in queue       utilization        in queue

   1         6220.641            1.000          968.061

   2         5897.999            1.000         1468.971

   3            1.152            0.761            0.232

   4         8348.283            1.000         1483.373

   5            1.248            0.748            0.628