

Modelo de barcos en un puerto con un muelles 2 amarres y 2 gruas 

Mean Arrival     1.25
Min Unload ship  0.5
Max Unload ship  1.5
Number of days processed 90.0

************************************************************
*  FACILITY STADISTIC Grua 1                               *
************************************************************
*  Min = 0.27159882             Max = 1.3870964            *
*  Records = 51                                            *
*  Utilization average = 0.68248695                        *
*  Utilization percentage  = 0.38446614                    *
************************************************************

************************************************************
*  FACILITY STADISTIC Grua 2                               *
************************************************************
*  Min = 0.35202408             Max = 1.452651             *
*  Records = 22                                            *
*  Utilization average = 0.871809                          *
*  Utilization percentage  = 0.21185446                    *
************************************************************

************************************************************
*  Tiempo de los puertos en general                        *
************************************************************
*  Min = 0.27159882             Max = 1.452651             *
*  Records = 73                                            *
*  Utilization average = 0.7395429                         *
************************************************************

