        449.830
        502.210
        583.694
        341.076
        626.270
        970.182
        569.539
        395.908
        436.694
        373.111
        359.008
        110.288
        993.263
        287.975
        601.943
        268.665
        625.010
        237.016
        354.508
        294.111
        882.684
        482.698
       1020.333
        809.726
        985.099
        188.658
        478.363
        408.335
        246.707
        658.928
        405.802
       1246.649
        737.543
        215.647
        437.011
        182.278
        527.025
       1382.910
        483.753
        560.613
        358.525
        338.006
        403.004
        420.604
        100.235
       1266.321
        735.467
        970.879
       1019.319
        181.700
        581.981
        506.640
        437.300
        252.453
        860.194
        884.377
        150.724
        330.448
        252.101
        671.574
       1088.419
        357.905
        560.345
        380.981
        424.270
        112.990
       1155.714
        273.363
        336.313
        273.486
        123.633
        256.116
        283.631
        663.122
        597.841
        499.692
       1148.328
        189.983
        341.805
        326.573
        201.653
        333.222
        321.360
        159.716
        742.097
        387.097
        168.766
        594.172
        138.346
        566.982
        433.129
        908.674
        232.915
        759.093
        116.378
        406.025
        623.537
        639.462
        460.405
        806.346
